
<!DOCTYPE html>
<html>


<head>
	<meta charset='utf-8' /> 
	<meta name='description' content='' />
	<meta name='robots' content='noodp, noydir' />
	<meta name='viewport' content='width=device-width, initial-scale=1' />
	<meta id="timeStampFormat" name="timeStampFormat" content='MMM d, yyyy hh:mm:ss a'/>
	
	<link href='https://fonts.googleapis.com/css?family=Source+Sans+Pro:400,600' rel='stylesheet' type='text/css'>
	<link href="https://fonts.googleapis.com/icon?family=Material+Icons" rel="stylesheet">

		<link href='https://cdn.rawgit.com/anshooarora/extentreports-java/6d3843c29c354373fafad29c03a1a89b7e06c374/dist/css/extent.css' type='text/css' rel='stylesheet' />
	
	<title>ExtentReports</title>

</head>

	<body class='extent standard default hide-overflow bdd-report'>
		<div id='theme-selector' alt='Click to toggle theme. To enable by default, use theme configuration.' title='Click to toggle theme. To enable by default, use theme configuration.'>
			<span><i class='material-icons'>desktop_windows</i></span>
		</div>

<nav>
	<div class="nav-wrapper">
		<a href="#!" class="brand-logo blue darken-3">Extent</a>

		<!-- slideout menu -->
		<ul id='slide-out' class='side-nav fixed hide-on-med-and-down'>
			<li class='waves-effect active'><a href='#!' view='test-view' onclick="configureView(0);chartsView('test');"><i class='material-icons'>dashboard</i></a></li>
						<li class='waves-effect'><a href='#!' view='category-view' onclick="configureView(1)"><i class='material-icons'>label_outline</i></a></li>
			<li class='waves-effect'><a href='#!' view='exception-view' onclick="configureView(2)"><i class='material-icons'>bug_report</i></a></li>
			<li class='waves-effect'><a href='#!' onclick="configureView(-1);chartsView('dashboard');" view='dashboard-view'><i class='material-icons'>track_changes</i></i></a></li>
		</ul>

		<!-- report name -->
		<span class='report-name'>ExtentReports</span>
		
		<!-- report headline -->
		<span class='report-headline'></span>

		<!-- nav-right -->
		<ul id='nav-mobile' class='right hide-on-med-and-down nav-right'>
			<li>
                <a href='#!'>
                    <span class='label suite-start-time blue darken-3'>Oct 25, 2017 06:14:10 PM</span>
				</a>
			</li>
			<li>
                <a href='#!'>
                    <span class='label blue darken-3'>v3.0.6</span>
				</a>
			</li>
		</ul>
	</div>
</nav>

		<!-- container -->
		<div class='container'>

<div id='test-view' class='view'>
				
	<section id='controls'>
		<div class='controls grey lighten-4'>
			<!-- test toggle -->
			<div class='chip transparent'>
				<a class='dropdown-button tests-toggle' data-activates='tests-toggle' data-constrainwidth='true' data-beloworigin='true' data-hover='true' href='#'>
					<i class='material-icons'>warning</i> Status
				</a>
				<ul id='tests-toggle' class='dropdown-content'>
											<li status='pass'><a href='#!'>Pass <i class='material-icons green-text'>check_circle</i></a></li>
						<li status='fail'><a href='#!'>Fail <i class='material-icons red-text'>cancel</i></a></li>
					<li class='divider'></li>
					<li status='clear' clear='true'><a href='#!'>Clear Filters <i class='material-icons'>clear</i></a></li>
				</ul>
			</div>
			<!-- test toggle -->

			<!-- category toggle -->
			<div class='chip transparent'>
				<a class='dropdown-button category-toggle' data-activates='category-toggle' data-constrainwidth='false' data-beloworigin='true' data-hover='true' href='#'>
					<i class='material-icons'>local_offer</i> Category
				</a>
				<ul id='category-toggle' class='dropdown-content'>
					<li><a href='#'>@loginValidation</a></li>
					<li><a href='#'>@iOS</a></li>
					<li><a href='#'>@TCS02</a></li>
					<li><a href='#'>@TCS03</a></li>
					<li><a href='#'>@myAccount</a></li>
					<li><a href='#'>@TCS01</a></li>
					<li><a href='#'>@OfflineValidation</a></li>
					<li><a href='#'>@TCS04</a></li>
					<li class='divider'></li>
					<li class='clear'><a href='#!' clear='true'>Clear Filters</a></li>
				</ul>
			</div>
			<!-- category toggle -->

			<!-- clear filters -->
			<div class='chip transparent hide'>
				<a class='' id='clear-filters' alt='Clear Filters' title='Clear Filters'>
					<i class='material-icons'>close</i> Clear
				</a>
			</div>
			<!-- clear filters -->

			<!-- enable dashboard -->
			<div id='toggle-test-view-charts' class='chip transparent'>
				<a class='pink-text' id='enable-dashboard' alt='Enable Dashboard' title='Enable Dashboard'>
					<i class='material-icons'>track_changes</i> Dashboard
				</a>
			</div>
			<!-- enable dashboard -->

			<!-- search -->
			<div class='chip transparent' alt='Search Tests' title='Search Tests'>
				<a href="#" class='search-div'>
					<i class='material-icons'>search</i> Search
				</a>

				<div class='input-field left hide'>
					<input id='search-tests' type='text' class='validate browser-default' placeholder='Search Tests...'>
				</div>
				
			</div>
			<!-- search -->
		</div>
	</section>


<div id='test-view-charts' class='subview-full'>
	<div id='charts-row' class='row nm-v nm-h'>
		<div class='col s12 m4 l4 np-h'>
			<div class='card-panel nm-v'>
				<div class='left panel-name'>Features</div>
				<div class='chart-box'>
					<canvas id='parent-analysis' width='100' height='80'></canvas>
				</div>
				<div class='block text-small'>
					<span class='tooltipped' data-position='top' data-tooltip='66.667%'><span class='strong'>2</span> feature(s) passed</span>
				</div>
				<div class='block text-small'>
					<span class='strong tooltipped' data-position='top' data-tooltip='33.333%'>1</span> feature(s) failed, <span class='strong tooltipped' data-position='top' data-tooltip='0%'>0</span> others
				</div>
			</div>
		</div>
		
		<div class='col s12 m4 l4 np-h'>
			<div class='card-panel nm-v'>
				<div class='left panel-name'>Scenarios</div>
				<div class='chart-box'>
					<canvas id='child-analysis' width='100' height='80'></canvas>
				</div>
				<div class='block text-small'>
					<span class='tooltipped' data-position='top' data-tooltip='85.714%'><span class='strong'>6</span> scenario(s) passed</span>
				</div>
				<div class='block text-small'>
					<span class='strong tooltipped' data-position='top' data-tooltip='14.286%'>1</span> scenario(s) failed, <span class='strong tooltipped' data-position='top' data-tooltip='0%'>0</span> others
				</div>
			</div>
		</div>
		
		<div class='col s12 m4 l4 np-h'>
			<div class='card-panel nm-v'>
				<div class='left panel-name'>Steps</div>
				<div class='chart-box'>
					<canvas id='grandchild-analysis' width='100' height='80'></canvas>
				</div>
				<div class='block text-small'>
					<span class='tooltipped' data-position='top' data-tooltip='96.154%'><span class='strong'>25</span> step(s) passed</span>
				</div>
				<div class='block text-small'>
					<span class='strong tooltipped' data-position='top' data-tooltip='3.846%'>1</span> step(s) failed, <span class='strong tooltipped' data-position='top' data-tooltip='0%'>0</span> others
				</div>
			</div>
		</div>
	</div>
</div>

	<div class='subview-left left'>
		
		<div class='view-summary'>
			<h5>Features</h5>
			<ul id='test-collection' class='test-collection'>
				
				
				<li class='test displayed active has-leaf pass' status='pass' bdd='true' test-id='1'>
					<div class='test-heading'>
						<span class='test-name'>iOS- Error Message</span>
						<span class='test-time'>Oct 25, 2017 06:14:11 PM</span>
						<span class='test-status right pass'>pass</span>
					</div>
					<div class='test-content hide'>
<div class='scenario node' test-id='2' status='pass'>
	<div class='category-list'>
		<span class='category label white-text'>@iOS</span>
	</div>
	<span class='duration right label'>0h 1m 19s+626ms</span>
	<div class='desc'>
		<b>Scenario</b>
		<span class="desc-text">First time CapCvs Launch</span>
	</div>
	<ul class='steps'>
		<li test-id='3' class='node given pass' status='pass'>
			
			<b>Given</b>
			
			<span class="bdd-step-name">Given I launch CAP-CVS application for the first time</span>
			<ul class='screenshots right'>
				<li><a data-featherlight="image" href="/Users/tft/Documents/Onkar/QA-Automation/cb_customer_app/output/screenshots/scrn_4576049689173566257.png"><i class='material-icons'>panorama</i></a></li>
			</ul>
				<div class='pre'><a href='/var/folders/s_/tb2d0lgj0zs20zcqm7zkzbk80000gn/T/src_6567502774323497393.xml'>page source</a></div>
				<div class='pre'>passed</div>
			
		</li>
		<li test-id='4' class='node and pass' status='pass'>
			
			<b>And</b>
			
			<span class="bdd-step-name">And I have selected test environment for cap</span>
			<ul class='screenshots right'>
				<li><a data-featherlight="image" href="/Users/tft/Documents/Onkar/QA-Automation/cb_customer_app/output/screenshots/scrn_7421841756919325235.png"><i class='material-icons'>panorama</i></a></li>
				<li><a data-featherlight="image" href="/Users/tft/Documents/Onkar/QA-Automation/cb_customer_app/output/screenshots/scrn_2661810651738913144.png"><i class='material-icons'>panorama</i></a></li>
				<li><a data-featherlight="image" href="/Users/tft/Documents/Onkar/QA-Automation/cb_customer_app/output/screenshots/scrn_7498970507273451540.png"><i class='material-icons'>panorama</i></a></li>
			</ul>
				<div class='pre'><a href='/var/folders/s_/tb2d0lgj0zs20zcqm7zkzbk80000gn/T/src_1418767750131178516.xml'>page source</a></div>
				<div class='pre'><a href='/var/folders/s_/tb2d0lgj0zs20zcqm7zkzbk80000gn/T/src_2440416775291677082.xml'>page source</a></div>
				<div class='pre'><a href='/var/folders/s_/tb2d0lgj0zs20zcqm7zkzbk80000gn/T/src_3632368388047334496.xml'>page source</a></div>
				<div class='pre'>passed</div>
			
		</li>
		<li test-id='5' class='node when pass' status='pass'>
			
			<b>When</b>
			
			<span class="bdd-step-name">When I am not signed into application cap</span>
			<ul class='screenshots right'>
				<li><a data-featherlight="image" href="/Users/tft/Documents/Onkar/QA-Automation/cb_customer_app/output/screenshots/scrn_3147549968315443867.png"><i class='material-icons'>panorama</i></a></li>
			</ul>
				<div class='pre'>passed</div>
				<div class='pre'><a href='/var/folders/s_/tb2d0lgj0zs20zcqm7zkzbk80000gn/T/src_3589589505288703289.xml'>page source</a></div>
			
		</li>
	</ul>
</div>
<div class='scenariooutline node' test-id='6' status='pass'>
	<span class='duration right label'>0h 0m 24s+746ms</span>
	<div class='desc'>
		<b>ScenarioOutline</b>
		<span class="desc-text">Validating valid username</span>
	</div>
	<ul class='steps'>
		<li test-id='7' class='node scenario pass' status='pass'>
			<div class='category-list'>
				<span class='category label white-text'>@iOS</span>
				<span class='category label white-text'>@TCS02</span>
				<span class='category label white-text'>@loginValidation</span>
			</div>
			
			<b>Scenario</b>
			
			<span class="bdd-step-name">Validating valid username</span>
			
				<ul class='steps'>
					<li test-id='8' class='node given pass' status='pass'><b>Given</b>
						<span class="bdd-step-name">Given I enter "curbside", "" and "curbside" for login</span>
							<div class='pre'>passed</div>
					</li>
					<li test-id='9' class='node when pass' status='pass'><b>When</b>
						<span class="bdd-step-name">When I tap on 'Login' button</span>
						<ul class='screenshots right'>
							<li><a data-featherlight="image" href="/Users/tft/Documents/Onkar/QA-Automation/cb_customer_app/output/screenshots/scrn_8273371528697635859.png"><i class='material-icons'>panorama</i></a></li>
						</ul>
							<div class='pre'><a href='/var/folders/s_/tb2d0lgj0zs20zcqm7zkzbk80000gn/T/src_1855521372160258918.xml'>page source</a></div>
							<div class='pre'>passed</div>
					</li>
					<li test-id='10' class='node then pass' status='pass'><b>Then</b>
						<span class="bdd-step-name">Then I should see this "Please enter a valid username" on the 'Login' screen</span>
						<ul class='screenshots right'>
							<li><a data-featherlight="image" href="/Users/tft/Documents/Onkar/QA-Automation/cb_customer_app/output/screenshots/scrn_739818791641026415.png"><i class='material-icons'>panorama</i></a></li>
						</ul>
							<div class='pre'>passed</div>
							<div class='pre'><a href='/var/folders/s_/tb2d0lgj0zs20zcqm7zkzbk80000gn/T/src_3059649300540687069.xml'>page source</a></div>
					</li>
				</ul>
		</li>
	</ul>
</div>
<div class='scenariooutline node' test-id='11' status='pass'>
	<span class='duration right label'>0h 0m 27s+908ms</span>
	<div class='desc'>
		<b>ScenarioOutline</b>
		<span class="desc-text">Validating username and password</span>
	</div>
	<ul class='steps'>
		<li test-id='12' class='node scenario pass' status='pass'>
			<div class='category-list'>
				<span class='category label white-text'>@TCS03</span>
				<span class='category label white-text'>@iOS</span>
				<span class='category label white-text'>@loginValidation</span>
			</div>
			
			<b>Scenario</b>
			
			<span class="bdd-step-name">Validating username and password</span>
			
				<ul class='steps'>
					<li test-id='13' class='node given pass' status='pass'><b>Given</b>
						<span class="bdd-step-name">Given I enter "curbside", "qaautomation_initium" and "123456" for login</span>
							<div class='pre'>passed</div>
					</li>
					<li test-id='14' class='node when pass' status='pass'><b>When</b>
						<span class="bdd-step-name">When I tap on 'Login' button</span>
						<ul class='screenshots right'>
							<li><a data-featherlight="image" href="/Users/tft/Documents/Onkar/QA-Automation/cb_customer_app/output/screenshots/scrn_6066547035361960922.png"><i class='material-icons'>panorama</i></a></li>
						</ul>
							<div class='pre'><a href='/var/folders/s_/tb2d0lgj0zs20zcqm7zkzbk80000gn/T/src_4473939209516431675.xml'>page source</a></div>
							<div class='pre'>passed</div>
					</li>
					<li test-id='15' class='node then pass' status='pass'><b>Then</b>
						<span class="bdd-step-name">Then I should see this "Please check username and password and try again." on the 'Login' screen</span>
						<ul class='screenshots right'>
							<li><a data-featherlight="image" href="/Users/tft/Documents/Onkar/QA-Automation/cb_customer_app/output/screenshots/scrn_5801263587717766093.png"><i class='material-icons'>panorama</i></a></li>
						</ul>
							<div class='pre'>passed</div>
							<div class='pre'><a href='/var/folders/s_/tb2d0lgj0zs20zcqm7zkzbk80000gn/T/src_2310120253347010883.xml'>page source</a></div>
					</li>
				</ul>
		</li>
	</ul>
</div>
					</div>
				</li>
				
				
				<li class='test displayed active has-leaf pass' status='pass' bdd='true' test-id='16'>
					<div class='test-heading'>
						<span class='test-name'>iOS- Login and Logout</span>
						<span class='test-time'>Oct 25, 2017 06:16:28 PM</span>
						<span class='test-status right pass'>pass</span>
					</div>
					<div class='test-content hide'>
<div class='scenario node' test-id='17' status='pass'>
	<div class='category-list'>
		<span class='category label white-text'>@iOS</span>
	</div>
	<span class='duration right label'>0h 0m 18s+747ms</span>
	<div class='desc'>
		<b>Scenario</b>
		<span class="desc-text">Setting test environment</span>
	</div>
	<ul class='steps'>
		<li test-id='18' class='node given pass' status='pass'>
			
			<b>Given</b>
			
			<span class="bdd-step-name">Given I launch CAP-CVS application</span>
			<ul class='screenshots right'>
				<li><a data-featherlight="image" href="/Users/tft/Documents/Onkar/QA-Automation/cb_customer_app/output/screenshots/scrn_2471537029798136248.png"><i class='material-icons'>panorama</i></a></li>
			</ul>
				<div class='pre'><a href='/var/folders/s_/tb2d0lgj0zs20zcqm7zkzbk80000gn/T/src_567295681061909367.xml'>page source</a></div>
				<div class='pre'>passed</div>
			
		</li>
		<li test-id='19' class='node and pass' status='pass'>
			
			<b>And</b>
			
			<span class="bdd-step-name">And I have selected test environment for cap</span>
				<div class='pre'>passed</div>
			
		</li>
		<li test-id='20' class='node and pass' status='pass'>
			
			<b>And</b>
			
			<span class="bdd-step-name">And I am not signed into application cap</span>
			<ul class='screenshots right'>
				<li><a data-featherlight="image" href="/Users/tft/Documents/Onkar/QA-Automation/cb_customer_app/output/screenshots/scrn_1972130113064601084.png"><i class='material-icons'>panorama</i></a></li>
			</ul>
				<div class='pre'>passed</div>
				<div class='pre'><a href='/var/folders/s_/tb2d0lgj0zs20zcqm7zkzbk80000gn/T/src_4812440433631143926.xml'>page source</a></div>
			
		</li>
	</ul>
</div>
<div class='scenariooutline node' test-id='21' status='pass'>
	<span class='duration right label'>0h 0m 49s+797ms</span>
	<div class='desc'>
		<b>ScenarioOutline</b>
		<span class="desc-text">Verify that on Logout User should brought back to login page</span>
	</div>
	<ul class='steps'>
		<li test-id='22' class='node scenario pass' status='pass'>
			<div class='category-list'>
				<span class='category label white-text'>@TCS01</span>
				<span class='category label white-text'>@iOS</span>
				<span class='category label white-text'>@myAccount</span>
			</div>
			
			<b>Scenario</b>
			
			<span class="bdd-step-name">Verify that on Logout User should brought back to login page</span>
			
				<ul class='steps'>
					<li test-id='23' class='node given pass' status='pass'><b>Given</b>
						<span class="bdd-step-name">Given I enter "curbside", "qaautomation_initium" and "curbside" for login</span>
							<div class='pre'>passed</div>
					</li>
					<li test-id='24' class='node and pass' status='pass'><b>And</b>
						<span class="bdd-step-name">And I tap on 'Login' button</span>
						<ul class='screenshots right'>
							<li><a data-featherlight="image" href="/Users/tft/Documents/Onkar/QA-Automation/cb_customer_app/output/screenshots/scrn_2401117128059017831.png"><i class='material-icons'>panorama</i></a></li>
						</ul>
							<div class='pre'><a href='/var/folders/s_/tb2d0lgj0zs20zcqm7zkzbk80000gn/T/src_5482167740293022089.xml'>page source</a></div>
							<div class='pre'>passed</div>
					</li>
					<li test-id='25' class='node and pass' status='pass'><b>And</b>
						<span class="bdd-step-name">And I tap on 'My Account' icon in bottom menu for cap</span>
							<div class='pre'>passed</div>
					</li>
					<li test-id='26' class='node when pass' status='pass'><b>When</b>
						<span class="bdd-step-name">When I am not signed into application cap</span>
							<div class='pre'>passed</div>
					</li>
					<li test-id='27' class='node then pass' status='pass'><b>Then</b>
						<span class="bdd-step-name">Then I should see 'Curbside Console' screen</span>
						<ul class='screenshots right'>
							<li><a data-featherlight="image" href="/Users/tft/Documents/Onkar/QA-Automation/cb_customer_app/output/screenshots/scrn_8138491577622716017.png"><i class='material-icons'>panorama</i></a></li>
						</ul>
							<div class='pre'>passed</div>
							<div class='pre'><a href='/var/folders/s_/tb2d0lgj0zs20zcqm7zkzbk80000gn/T/src_5811928352137609043.xml'>page source</a></div>
					</li>
				</ul>
		</li>
	</ul>
</div>
					</div>
				</li>
				
				
				<li class='test displayed active has-leaf fail' status='fail' bdd='true' test-id='28'>
					<div class='test-heading'>
						<span class='test-name'>iOS- Offline Error Message</span>
						<span class='test-time'>Oct 25, 2017 06:17:38 PM</span>
						<span class='test-status right fail'>fail</span>
					</div>
					<div class='test-content hide'>
<div class='scenario node' test-id='29' status='pass'>
	<div class='category-list'>
		<span class='category label white-text'>@iOS</span>
	</div>
	<span class='duration right label'>0h 0m 17s+521ms</span>
	<div class='desc'>
		<b>Scenario</b>
		<span class="desc-text">First time Curbside Launch</span>
	</div>
	<ul class='steps'>
		<li test-id='30' class='node given pass' status='pass'>
			
			<b>Given</b>
			
			<span class="bdd-step-name">Given I launch CAP application</span>
			<ul class='screenshots right'>
				<li><a data-featherlight="image" href="/Users/tft/Documents/Onkar/QA-Automation/cb_customer_app/output/screenshots/scrn_8358613906643228314.png"><i class='material-icons'>panorama</i></a></li>
			</ul>
				<div class='pre'><a href='/var/folders/s_/tb2d0lgj0zs20zcqm7zkzbk80000gn/T/src_880114875065871799.xml'>page source</a></div>
				<div class='pre'>passed</div>
			
		</li>
		<li test-id='31' class='node and pass' status='pass'>
			
			<b>And</b>
			
			<span class="bdd-step-name">And I have selected test environment for cap</span>
				<div class='pre'>passed</div>
			
		</li>
		<li test-id='32' class='node and pass' status='pass'>
			
			<b>And</b>
			
			<span class="bdd-step-name">And I am not signed into application cap</span>
			<ul class='screenshots right'>
				<li><a data-featherlight="image" href="/Users/tft/Documents/Onkar/QA-Automation/cb_customer_app/output/screenshots/scrn_284311967906514435.png"><i class='material-icons'>panorama</i></a></li>
			</ul>
				<div class='pre'>passed</div>
				<div class='pre'><a href='/var/folders/s_/tb2d0lgj0zs20zcqm7zkzbk80000gn/T/src_1654367716901924543.xml'>page source</a></div>
			
		</li>
	</ul>
</div>
<div class='scenariooutline node' test-id='33' status='fail'>
	<span class='duration right label'>0h 1m 15s+492ms</span>
	<div class='desc'>
		<b>ScenarioOutline</b>
		<span class="desc-text">Verifying Offline error message on Airplane Mode</span>
	</div>
	<ul class='steps'>
		<li test-id='34' class='node scenario fail' status='fail'>
			<div class='category-list'>
				<span class='category label white-text'>@iOS</span>
				<span class='category label white-text'>@OfflineValidation</span>
				<span class='category label white-text'>@TCS04</span>
			</div>
			
			<b>Scenario</b>
			
			<span class="bdd-step-name">Verifying Offline error message on Airplane Mode</span>
			
				<ul class='steps'>
					<li test-id='35' class='node given pass' status='pass'><b>Given</b>
						<span class="bdd-step-name">Given I enter "curbside", "qaautomation_initium" and "curbside" for login</span>
							<div class='pre'>passed</div>
					</li>
					<li test-id='36' class='node and pass' status='pass'><b>And</b>
						<span class="bdd-step-name">And I tap on 'Login' button</span>
						<ul class='screenshots right'>
							<li><a data-featherlight="image" href="/Users/tft/Documents/Onkar/QA-Automation/cb_customer_app/output/screenshots/scrn_4198346259612060469.png"><i class='material-icons'>panorama</i></a></li>
						</ul>
							<div class='pre'><a href='/var/folders/s_/tb2d0lgj0zs20zcqm7zkzbk80000gn/T/src_6375906200427579773.xml'>page source</a></div>
							<div class='pre'>passed</div>
					</li>
					<li test-id='37' class='node and pass' status='pass'><b>And</b>
						<span class="bdd-step-name">And I should see 'Tasks' screen</span>
							<div class='pre'>passed</div>
					</li>
					<li test-id='38' class='node and pass' status='pass'><b>And</b>
						<span class="bdd-step-name">And I turn 'OFF' 'Airplane Mode' through Control Center</span>
							<div class='pre'>passed</div>
					</li>
					<li test-id='39' class='node and pass' status='pass'><b>And</b>
						<span class="bdd-step-name">And I accept CAP notifications alerts</span>
							<div class='pre'>passed</div>
					</li>
					<li test-id='40' class='node then fail' status='fail'><b>Then</b>
						<span class="bdd-step-name">Then I should see this "Offline - Not all features are available" on the 'Tasks' screen</span>
						<ul class='screenshots right'>
							<li><a data-featherlight="image" href="/Users/tft/Documents/Onkar/QA-Automation/cb_customer_app/output/screenshots/scrn_1940159701147647536.png"><i class='material-icons'>panorama</i></a></li>
						</ul>
							<div class='pre'><pre>org.openqa.selenium.NoSuchElementException: An element could not be located on the page using the given search parameters. (WARNING: The server did not provide any stacktrace information)
Command duration or timeout: 3.10 seconds
For documentation on this error, please visit: http://seleniumhq.org/exceptions/no_such_element.html
Build info: version: '3.4.0', revision: 'unknown', time: 'unknown'
System info: host: 'tfts-MacBook-Air-2.local', ip: 'fe80:0:0:0:147c:4540:8fed:87e%en0', os.name: 'Mac OS X', os.arch: 'x86_64', os.version: '10.12.6', java.version: '1.8.0_131'
Driver info: io.appium.java_client.AppiumDriver
Capabilities [{networkConnectionEnabled=false, preventWDAAttachments=true, noReset=true, clearSystemFiles=true, bundleId=com.curbside.CAP, databaseEnabled=false, deviceName=TFT, fullReset=false, usePrebuiltWDA=true, platform=MAC, showXcodeLog=false, platformVersion=10.3.3, webStorageEnabled=false, locationContextEnabled=false, browserName=, takesScreenshot=true, javascriptEnabled=true, platformName=iOS, udid=47BAEA6B-0F01-4E24-8178-3E2E8077BC5D}]
Session ID: 670bff37-02c9-4beb-82a6-0a44ea285086
*** Element info: {Using=xpath, value=//XCUIElementTypeTable[1]/XCUIElementTypeStaticText[1]}
	at sun.reflect.GeneratedConstructorAccessor12.newInstance(Unknown Source)
	at sun.reflect.DelegatingConstructorAccessorImpl.newInstance(DelegatingConstructorAccessorImpl.java:45)
	at java.lang.reflect.Constructor.newInstance(Constructor.java:423)
	at org.openqa.selenium.remote.ErrorHandler.createThrowable(ErrorHandler.java:215)
	at org.openqa.selenium.remote.ErrorHandler.throwIfResponseFailed(ErrorHandler.java:167)
	at org.openqa.selenium.remote.RemoteWebDriver.execute(RemoteWebDriver.java:671)
	at io.appium.java_client.DefaultGenericMobileDriver.execute(DefaultGenericMobileDriver.java:42)
	at io.appium.java_client.AppiumDriver.execute(AppiumDriver.java:1)
	at org.openqa.selenium.remote.RemoteWebDriver.findElement(RemoteWebDriver.java:410)
	at io.appium.java_client.DefaultGenericMobileDriver.findElement(DefaultGenericMobileDriver.java:62)
	at io.appium.java_client.AppiumDriver.findElement(AppiumDriver.java:1)
	at org.openqa.selenium.remote.RemoteWebDriver.findElementByXPath(RemoteWebDriver.java:509)
	at io.appium.java_client.DefaultGenericMobileDriver.findElementByXPath(DefaultGenericMobileDriver.java:140)
	at io.appium.java_client.AppiumDriver.findElementByXPath(AppiumDriver.java:1)
	at org.openqa.selenium.By$ByXPath.findElement(By.java:361)
	at org.openqa.selenium.remote.RemoteWebDriver.findElement(RemoteWebDriver.java:402)
	at io.appium.java_client.DefaultGenericMobileDriver.findElement(DefaultGenericMobileDriver.java:58)
	at io.appium.java_client.AppiumDriver.findElement(AppiumDriver.java:1)
	at com.curbside.automation.uifactory.UIElement.getElement(UIElement.java:41)
	at com.curbside.automation.uifactory.UIElement.getText(UIElement.java:64)
	at com.cap.ios.ui.Login.iShouldSeeErrorMsgOn(Login.java:68)
	at ✽.Then I should see this "Offline - Not all features are available" on the 'Tasks' screen(src/test/resources/cap/features/ios/features/OfflineErrorMessage.feature:17)
</pre></div>
							<div class='pre'><a href='/var/folders/s_/tb2d0lgj0zs20zcqm7zkzbk80000gn/T/src_160223737337884654.xml'>page source</a></div>
					</li>
				</ul>
		</li>
	</ul>
</div>
					</div>
				</li>
			</ul>
		</div>
	</div>
	<!-- subview left -->

	<div class='subview-right left'>
		<div class='view-summary'>
			<h5 class='test-name'></h5>

			<div id='step-filters' class="right">
				<span class="blue-text" status="info" alt="info" title="info"><i class="material-icons">info_outline</i></span>
				<span class="green-text" status="pass" alt="pass" title="pass"><i class="material-icons">check_circle</i></span>
				<span class="red-text" status="fail" alt="fail" title="fail"><i class="material-icons">cancel</i></span>
				<span class="red-text text-darken-4" status="fatal" alt="fatal" title="fatal"><i class="material-icons">cancel</i></span>
				<span class="pink-text text-lighten-1" status="error" alt="error" title="error"><i class="material-icons">error</i></span>
				<span class="orange-text" alt="warning" status="warning" title="warning"><i class="material-icons">warning</i></span>
				<span class="teal-text" status="skip" alt="skip" title="skip"><i class="material-icons">redo</i></span>
				<span status="clear" alt="Clear filters" title="Clear filters"><i class="material-icons">clear</i></span>
			</div>
		</div>
	</div>
	<!-- subview right -->

</div>
<!-- test view -->
<div id='category-view' class='view hide'>

	<section id='controls'>
		<div class='controls grey lighten-4'>
			<!-- search -->
			<div class='chip transparent' alt='Search Tests' title='Search Tests'>
				<a href="#" class='search-div'>
					<i class='material-icons'>search</i> Search
				</a>
				
				<div class='input-field left hide'>
					<input id='search-tests' type='text' class='validate browser-default' placeholder='Search Tests...'>
				</div>
				
			</div>
			<!-- search -->
		</div>
	</section>

	<div class='subview-left left'>
		
		<div class='view-summary'>
			<h5>Categories</h3>
			<ul id='category-collection' class='category-collection'>
				
				<li class='category displayed active'>
					<div class='category-heading'>
						<span class='category-name'>@loginValidation</span>
						<span class='category-status right'>
							<span class='label pass'>3</span>
						</span>
					</div>
					<div class='category-content hide'>
						<div class='category-status-counts'>
							<span class='label green accent-4 white-text'>Passed: 3</span>
							
							
						</div>
					
						<div class='category-tests'>
							<table class='bordered table-results'>
								<thead>
									<tr>
										<th>Timestamp</th>
										<th>TestName</th>
										<th>Status</th>
									</tr>
								</thead>
								<tbody>
									<tr>
										<td>Oct 25, 2017 06:14:11 PM</td>
										<td class='linked' test-id='1'>iOS- Error Message</td>
										<td><span class='test-status pass'>pass</span></td>
									</tr>
									<tr>
										<td>Oct 25, 2017 06:15:31 PM</td>
										<td class='linked' test-id='7'>iOS- Error Message.Validating valid username.Validating valid username</td>
										<td><span class='test-status pass'>pass</span></td>
									</tr>
									<tr>
										<td>Oct 25, 2017 06:15:57 PM</td>
										<td class='linked' test-id='12'>iOS- Error Message.Validating username and password.Validating username and password</td>
										<td><span class='test-status pass'>pass</span></td>
									</tr>
								</tbody>
							</table>
						</div>
					</div>
				</li>
				<li class='category displayed active'>
					<div class='category-heading'>
						<span class='category-name'>@iOS</span>
						<span class='category-status right'>
							<span class='label pass'>6</span>
							<span class='label fail'>1</span>
						</span>
					</div>
					<div class='category-content hide'>
						<div class='category-status-counts'>
							<span class='label green accent-4 white-text'>Passed: 6</span>
							<span class='label red lighten-1 white-text'>Failed: 1</span>
							
						</div>
					
						<div class='category-tests'>
							<table class='bordered table-results'>
								<thead>
									<tr>
										<th>Timestamp</th>
										<th>TestName</th>
										<th>Status</th>
									</tr>
								</thead>
								<tbody>
									<tr>
										<td>Oct 25, 2017 06:14:11 PM</td>
										<td class='linked' test-id='2'>iOS- Error Message.First time CapCvs Launch</td>
										<td><span class='test-status pass'>pass</span></td>
									</tr>
									<tr>
										<td>Oct 25, 2017 06:15:31 PM</td>
										<td class='linked' test-id='7'>iOS- Error Message.Validating valid username.Validating valid username</td>
										<td><span class='test-status pass'>pass</span></td>
									</tr>
									<tr>
										<td>Oct 25, 2017 06:15:57 PM</td>
										<td class='linked' test-id='12'>iOS- Error Message.Validating username and password.Validating username and password</td>
										<td><span class='test-status pass'>pass</span></td>
									</tr>
									<tr>
										<td>Oct 25, 2017 06:16:28 PM</td>
										<td class='linked' test-id='17'>iOS- Login and Logout.Setting test environment</td>
										<td><span class='test-status pass'>pass</span></td>
									</tr>
									<tr>
										<td>Oct 25, 2017 06:16:47 PM</td>
										<td class='linked' test-id='22'>iOS- Login and Logout.Verify that on Logout User should brought back to login page.Verify that on Logout User should brought back to login page</td>
										<td><span class='test-status pass'>pass</span></td>
									</tr>
									<tr>
										<td>Oct 25, 2017 06:17:38 PM</td>
										<td class='linked' test-id='29'>iOS- Offline Error Message.First time Curbside Launch</td>
										<td><span class='test-status pass'>pass</span></td>
									</tr>
									<tr>
										<td>Oct 25, 2017 06:17:56 PM</td>
										<td class='linked' test-id='34'>iOS- Offline Error Message.Verifying Offline error message on Airplane Mode.Verifying Offline error message on Airplane Mode</td>
										<td><span class='test-status fail'>fail</span></td>
									</tr>
								</tbody>
							</table>
						</div>
					</div>
				</li>
				<li class='category displayed active'>
					<div class='category-heading'>
						<span class='category-name'>@TCS02</span>
						<span class='category-status right'>
							<span class='label pass'>1</span>
						</span>
					</div>
					<div class='category-content hide'>
						<div class='category-status-counts'>
							<span class='label green accent-4 white-text'>Passed: 1</span>
							
							
						</div>
					
						<div class='category-tests'>
							<table class='bordered table-results'>
								<thead>
									<tr>
										<th>Timestamp</th>
										<th>TestName</th>
										<th>Status</th>
									</tr>
								</thead>
								<tbody>
									<tr>
										<td>Oct 25, 2017 06:15:31 PM</td>
										<td class='linked' test-id='7'>iOS- Error Message.Validating valid username.Validating valid username</td>
										<td><span class='test-status pass'>pass</span></td>
									</tr>
								</tbody>
							</table>
						</div>
					</div>
				</li>
				<li class='category displayed active'>
					<div class='category-heading'>
						<span class='category-name'>@TCS03</span>
						<span class='category-status right'>
							<span class='label pass'>1</span>
						</span>
					</div>
					<div class='category-content hide'>
						<div class='category-status-counts'>
							<span class='label green accent-4 white-text'>Passed: 1</span>
							
							
						</div>
					
						<div class='category-tests'>
							<table class='bordered table-results'>
								<thead>
									<tr>
										<th>Timestamp</th>
										<th>TestName</th>
										<th>Status</th>
									</tr>
								</thead>
								<tbody>
									<tr>
										<td>Oct 25, 2017 06:15:57 PM</td>
										<td class='linked' test-id='12'>iOS- Error Message.Validating username and password.Validating username and password</td>
										<td><span class='test-status pass'>pass</span></td>
									</tr>
								</tbody>
							</table>
						</div>
					</div>
				</li>
				<li class='category displayed active'>
					<div class='category-heading'>
						<span class='category-name'>@myAccount</span>
						<span class='category-status right'>
							<span class='label pass'>2</span>
						</span>
					</div>
					<div class='category-content hide'>
						<div class='category-status-counts'>
							<span class='label green accent-4 white-text'>Passed: 2</span>
							
							
						</div>
					
						<div class='category-tests'>
							<table class='bordered table-results'>
								<thead>
									<tr>
										<th>Timestamp</th>
										<th>TestName</th>
										<th>Status</th>
									</tr>
								</thead>
								<tbody>
									<tr>
										<td>Oct 25, 2017 06:16:28 PM</td>
										<td class='linked' test-id='16'>iOS- Login and Logout</td>
										<td><span class='test-status pass'>pass</span></td>
									</tr>
									<tr>
										<td>Oct 25, 2017 06:16:47 PM</td>
										<td class='linked' test-id='22'>iOS- Login and Logout.Verify that on Logout User should brought back to login page.Verify that on Logout User should brought back to login page</td>
										<td><span class='test-status pass'>pass</span></td>
									</tr>
								</tbody>
							</table>
						</div>
					</div>
				</li>
				<li class='category displayed active'>
					<div class='category-heading'>
						<span class='category-name'>@TCS01</span>
						<span class='category-status right'>
							<span class='label pass'>1</span>
						</span>
					</div>
					<div class='category-content hide'>
						<div class='category-status-counts'>
							<span class='label green accent-4 white-text'>Passed: 1</span>
							
							
						</div>
					
						<div class='category-tests'>
							<table class='bordered table-results'>
								<thead>
									<tr>
										<th>Timestamp</th>
										<th>TestName</th>
										<th>Status</th>
									</tr>
								</thead>
								<tbody>
									<tr>
										<td>Oct 25, 2017 06:16:47 PM</td>
										<td class='linked' test-id='22'>iOS- Login and Logout.Verify that on Logout User should brought back to login page.Verify that on Logout User should brought back to login page</td>
										<td><span class='test-status pass'>pass</span></td>
									</tr>
								</tbody>
							</table>
						</div>
					</div>
				</li>
				<li class='category displayed active'>
					<div class='category-heading'>
						<span class='category-name'>@OfflineValidation</span>
						<span class='category-status right'>
							<span class='label fail'>2</span>
						</span>
					</div>
					<div class='category-content hide'>
						<div class='category-status-counts'>
							
							<span class='label red lighten-1 white-text'>Failed: 2</span>
							
						</div>
					
						<div class='category-tests'>
							<table class='bordered table-results'>
								<thead>
									<tr>
										<th>Timestamp</th>
										<th>TestName</th>
										<th>Status</th>
									</tr>
								</thead>
								<tbody>
									<tr>
										<td>Oct 25, 2017 06:17:38 PM</td>
										<td class='linked' test-id='28'>iOS- Offline Error Message</td>
										<td><span class='test-status fail'>fail</span></td>
									</tr>
									<tr>
										<td>Oct 25, 2017 06:17:56 PM</td>
										<td class='linked' test-id='34'>iOS- Offline Error Message.Verifying Offline error message on Airplane Mode.Verifying Offline error message on Airplane Mode</td>
										<td><span class='test-status fail'>fail</span></td>
									</tr>
								</tbody>
							</table>
						</div>
					</div>
				</li>
				<li class='category displayed active'>
					<div class='category-heading'>
						<span class='category-name'>@TCS04</span>
						<span class='category-status right'>
							<span class='label fail'>1</span>
						</span>
					</div>
					<div class='category-content hide'>
						<div class='category-status-counts'>
							
							<span class='label red lighten-1 white-text'>Failed: 1</span>
							
						</div>
					
						<div class='category-tests'>
							<table class='bordered table-results'>
								<thead>
									<tr>
										<th>Timestamp</th>
										<th>TestName</th>
										<th>Status</th>
									</tr>
								</thead>
								<tbody>
									<tr>
										<td>Oct 25, 2017 06:17:56 PM</td>
										<td class='linked' test-id='34'>iOS- Offline Error Message.Verifying Offline error message on Airplane Mode.Verifying Offline error message on Airplane Mode</td>
										<td><span class='test-status fail'>fail</span></td>
									</tr>
								</tbody>
							</table>
						</div>
					</div>
				</li>

			</ul>
		</div>
	</div>

	<div class='subview-right left'>
		<div class='view-summary'>
			<h5 class='category-name'></h5>
		</div>
	</div>
</div>
<!-- category view -->
<div id='exception-view' class='view hide'>

    <section id='controls'>
        <div class='controls grey lighten-4'>
            <!-- search -->
            <div class='chip transparent' alt='Search Tests' title='Search Tests'>
                <a href="#" class='search-div'>
                    <i class='material-icons'>search</i> Search
                </a>

                <div class='input-field left hide'>
                    <input id='search-tests' type='text' class='validate browser-default' placeholder='Search Tests...'>
                </div>

            </div>
            <!-- search -->
        </div>
    </section>

    <div class='subview-left left'>

        <div class='view-summary'>
            <h5>Exceptions</h3>
                <ul id='exception-collection' class='exception-collection'>

                        <li class='exception displayed active'>
                            <div class='exception-heading'>
                                <span class='exception-name'>org.openqa.selenium.NoSuchElementException</span>
                                <span class='exception-count right'><span class='label red lighten-1 white-text'>1</span></span>
                            </div>
                            <div class='exception-content hide'>
                                <div class='exception-tests'>
                                    <table class='bordered table-results'>
                                        <thead>
                                        <tr>
                                            <th>Timestamp</th>
                                            <th>TestName</th>
                                            <th>Status</th>
                                        </tr>
                                        </thead>
                                        <tbody>
                                                    <tr>
                                                        <td>Oct 25, 2017 06:18:56 PM</td>
                                                        <td class='linked' test-id='40'>iOS- Offline Error Message.Verifying Offline error message on Airplane Mode.Verifying Offline error message on Airplane Mode.Then I should see this "Offline - Not all features are available" on the 'Tasks' screen</td>
                                                        <td><pre><pre>org.openqa.selenium.NoSuchElementException: An element could not be located on the page using the given search parameters. (WARNING: The server did not provide any stacktrace information)
Command duration or timeout: 3.10 seconds
For documentation on this error, please visit: http://seleniumhq.org/exceptions/no_such_element.html
Build info: version: '3.4.0', revision: 'unknown', time: 'unknown'
System info: host: 'tfts-MacBook-Air-2.local', ip: 'fe80:0:0:0:147c:4540:8fed:87e%en0', os.name: 'Mac OS X', os.arch: 'x86_64', os.version: '10.12.6', java.version: '1.8.0_131'
Driver info: io.appium.java_client.AppiumDriver
Capabilities [{networkConnectionEnabled=false, preventWDAAttachments=true, noReset=true, clearSystemFiles=true, bundleId=com.curbside.CAP, databaseEnabled=false, deviceName=TFT, fullReset=false, usePrebuiltWDA=true, platform=MAC, showXcodeLog=false, platformVersion=10.3.3, webStorageEnabled=false, locationContextEnabled=false, browserName=, takesScreenshot=true, javascriptEnabled=true, platformName=iOS, udid=47BAEA6B-0F01-4E24-8178-3E2E8077BC5D}]
Session ID: 670bff37-02c9-4beb-82a6-0a44ea285086
*** Element info: {Using=xpath, value=//XCUIElementTypeTable[1]/XCUIElementTypeStaticText[1]}
	at sun.reflect.GeneratedConstructorAccessor12.newInstance(Unknown Source)
	at sun.reflect.DelegatingConstructorAccessorImpl.newInstance(DelegatingConstructorAccessorImpl.java:45)
	at java.lang.reflect.Constructor.newInstance(Constructor.java:423)
	at org.openqa.selenium.remote.ErrorHandler.createThrowable(ErrorHandler.java:215)
	at org.openqa.selenium.remote.ErrorHandler.throwIfResponseFailed(ErrorHandler.java:167)
	at org.openqa.selenium.remote.RemoteWebDriver.execute(RemoteWebDriver.java:671)
	at io.appium.java_client.DefaultGenericMobileDriver.execute(DefaultGenericMobileDriver.java:42)
	at io.appium.java_client.AppiumDriver.execute(AppiumDriver.java:1)
	at org.openqa.selenium.remote.RemoteWebDriver.findElement(RemoteWebDriver.java:410)
	at io.appium.java_client.DefaultGenericMobileDriver.findElement(DefaultGenericMobileDriver.java:62)
	at io.appium.java_client.AppiumDriver.findElement(AppiumDriver.java:1)
	at org.openqa.selenium.remote.RemoteWebDriver.findElementByXPath(RemoteWebDriver.java:509)
	at io.appium.java_client.DefaultGenericMobileDriver.findElementByXPath(DefaultGenericMobileDriver.java:140)
	at io.appium.java_client.AppiumDriver.findElementByXPath(AppiumDriver.java:1)
	at org.openqa.selenium.By$ByXPath.findElement(By.java:361)
	at org.openqa.selenium.remote.RemoteWebDriver.findElement(RemoteWebDriver.java:402)
	at io.appium.java_client.DefaultGenericMobileDriver.findElement(DefaultGenericMobileDriver.java:58)
	at io.appium.java_client.AppiumDriver.findElement(AppiumDriver.java:1)
	at com.curbside.automation.uifactory.UIElement.getElement(UIElement.java:41)
	at com.curbside.automation.uifactory.UIElement.getText(UIElement.java:64)
	at com.cap.ios.ui.Login.iShouldSeeErrorMsgOn(Login.java:68)
	at ✽.Then I should see this "Offline - Not all features are available" on the 'Tasks' screen(src/test/resources/cap/features/ios/features/OfflineErrorMessage.feature:17)
</pre></pre></td>
                                                    </tr>
                                        </tbody>
                                    </table>
                                </div>
                            </div>
                        </li>
                </ul>
        </div>
    </div>

    <div class='subview-right left'>
        <div class='view-summary'>
            <h5 class='exception-name'></h5>
        </div>
    </div>
</div>
<!-- exception view -->
<div id='dashboard-view' class='view hide'>
	<div class='card-panel transparent np-v'>
		<h5>Dashboard</h5>

		<div class='row'>
			<div class='col s2'>
				<div class='card-panel r'>
					Features
					<div class='panel-lead'>3</div>
				</div>
			</div>
			<div class='col s2'>
				<div class='card-panel r'>
					Scenarios
					<div class='panel-lead'>7</div>
				</div>
			</div>
			<div class='col s2'>
				<div class='card-panel r'>
					Steps
					<div class='panel-lead'>26</div>
				</div>
			</div>
			<div class='col s2'>
				<div class='card-panel r'>
					Start
					<div class='panel-lead'>Oct 25, 2017 06:14:10 PM</div>
				</div>
			</div>
			<div class='col s2'>
				<div class='card-panel r'>
			 		End
			 		<div class='panel-lead'>Oct 25, 2017 06:19:14 PM</div>
				</div>
			</div>
			<div class='col s2'>
				<div class='card-panel r'>
					Time Taken
					<div class='panel-lead'>304,063ms</div>
				</div>
			</div>
			<div class='col s4'>
				<div class='card-panel'>
					<span class='right label cyan white-text'>Categories</span><p>&nbsp;</p>
					
					<table>
						<tr>
							<th>Name</th>
							<th>Passed</th>
							<th>Failed</th>
							<th>Others</th>
						</tr>
						<tr>
							<td>@loginValidation</td>
							<td>3</td>
							<td>0</td>
							<td>0</td>
						</tr>
						<tr>
							<td>@iOS</td>
							<td>6</td>
							<td>1</td>
							<td>0</td>
						</tr>
						<tr>
							<td>@TCS02</td>
							<td>1</td>
							<td>0</td>
							<td>0</td>
						</tr>
						<tr>
							<td>@TCS03</td>
							<td>1</td>
							<td>0</td>
							<td>0</td>
						</tr>
						<tr>
							<td>@myAccount</td>
							<td>2</td>
							<td>0</td>
							<td>0</td>
						</tr>
						<tr>
							<td>@TCS01</td>
							<td>1</td>
							<td>0</td>
							<td>0</td>
						</tr>
						<tr>
							<td>@OfflineValidation</td>
							<td>0</td>
							<td>2</td>
							<td>0</td>
						</tr>
						<tr>
							<td>@TCS04</td>
							<td>0</td>
							<td>1</td>
							<td>0</td>
						</tr>
					</table>
				</div>
			</div>
		</div>
	</div>
</div>
<!-- dashboard view -->
<!-- testrunner-logs view -->
		</div>
		<!-- container -->

		<script>
			var statusGroup = {
				passParent: 2,
				failParent: 1,
				fatalParent: 0,
				errorParent: 0,
				warningParent: 0,
				skipParent: 0,
				exceptionsParent: 1,
				
				passChild: 6,
				failChild: 1,
				fatalChild: 0,
				errorChild: 0,
				warningChild: 0,
				skipChild: 0,
				infoChild: 0,
				exceptionsChild: 1,
				
				passGrandChild: 25,
				failGrandChild: 1,
				fatalGrandChild: 0,
				errorGrandChild: 0,
				warningGrandChild: 0,
				skipGrandChild: 0,
				infoGrandChild: 0,
				exceptionsGrandChild: 1,
			};
		</script>
		
			<script src='https://cdn.rawgit.com/anshooarora/extentreports-java/5ed7b0c339b51aa347b44ccaa2e2ff29905b2f9f/dist/js/extent.js' type='text/javascript'></script>
		
		
	</body>
	
</html>
