
<!DOCTYPE html>
<html>


<head>
	<meta charset='utf-8' /> 
	<meta name='description' content='' />
	<meta name='robots' content='noodp, noydir' />
	<meta name='viewport' content='width=device-width, initial-scale=1' />
	<meta id="timeStampFormat" name="timeStampFormat" content='MMM d, yyyy hh:mm:ss a'/>
	
	<link href='https://fonts.googleapis.com/css?family=Source+Sans+Pro:400,600' rel='stylesheet' type='text/css'>
	<link href="https://fonts.googleapis.com/icon?family=Material+Icons" rel="stylesheet">

		<link href='https://cdn.rawgit.com/anshooarora/extentreports-java/6d3843c29c354373fafad29c03a1a89b7e06c374/dist/css/extent.css' type='text/css' rel='stylesheet' />
	
	<title>ExtentReports</title>

</head>

	<body class='extent standard default hide-overflow bdd-report'>
		<div id='theme-selector' alt='Click to toggle theme. To enable by default, use theme configuration.' title='Click to toggle theme. To enable by default, use theme configuration.'>
			<span><i class='material-icons'>desktop_windows</i></span>
		</div>

<nav>
	<div class="nav-wrapper">
		<a href="#!" class="brand-logo blue darken-3">Extent</a>

		<!-- slideout menu -->
		<ul id='slide-out' class='side-nav fixed hide-on-med-and-down'>
			<li class='waves-effect active'><a href='#!' view='test-view' onclick="configureView(0);chartsView('test');"><i class='material-icons'>dashboard</i></a></li>
						<li class='waves-effect'><a href='#!' view='category-view' onclick="configureView(1)"><i class='material-icons'>label_outline</i></a></li>
			<li class='waves-effect'><a href='#!' view='exception-view' onclick="configureView(2)"><i class='material-icons'>bug_report</i></a></li>
			<li class='waves-effect'><a href='#!' onclick="configureView(-1);chartsView('dashboard');" view='dashboard-view'><i class='material-icons'>track_changes</i></i></a></li>
		</ul>

		<!-- report name -->
		<span class='report-name'>ExtentReports</span>
		
		<!-- report headline -->
		<span class='report-headline'></span>

		<!-- nav-right -->
		<ul id='nav-mobile' class='right hide-on-med-and-down nav-right'>
			<li>
                <a href='#!'>
                    <span class='label suite-start-time blue darken-3'>Sep 13, 2017 09:57:02 PM</span>
				</a>
			</li>
			<li>
                <a href='#!'>
                    <span class='label blue darken-3'>v3.0.6</span>
				</a>
			</li>
		</ul>
	</div>
</nav>

		<!-- container -->
		<div class='container'>

<div id='test-view' class='view'>
				
	<section id='controls'>
		<div class='controls grey lighten-4'>
			<!-- test toggle -->
			<div class='chip transparent'>
				<a class='dropdown-button tests-toggle' data-activates='tests-toggle' data-constrainwidth='true' data-beloworigin='true' data-hover='true' href='#'>
					<i class='material-icons'>warning</i> Status
				</a>
				<ul id='tests-toggle' class='dropdown-content'>
											<li status='pass'><a href='#!'>Pass <i class='material-icons green-text'>check_circle</i></a></li>
						<li status='fail'><a href='#!'>Fail <i class='material-icons red-text'>cancel</i></a></li>
						<li status='skip'><a href='#!'>Skip <i class='material-icons cyan-text'>redo</i></a></li>
					<li class='divider'></li>
					<li status='clear' clear='true'><a href='#!'>Clear Filters <i class='material-icons'>clear</i></a></li>
				</ul>
			</div>
			<!-- test toggle -->

			<!-- category toggle -->
			<div class='chip transparent'>
				<a class='dropdown-button category-toggle' data-activates='category-toggle' data-constrainwidth='false' data-beloworigin='true' data-hover='true' href='#'>
					<i class='material-icons'>local_offer</i> Category
				</a>
				<ul id='category-toggle' class='dropdown-content'>
					<li><a href='#'>@loginValidation</a></li>
					<li><a href='#'>@Android</a></li>
					<li><a href='#'>@TCS01</a></li>
					<li><a href='#'>@TCS02</a></li>
					<li><a href='#'>@TCS03</a></li>
					<li><a href='#'>@myAccount</a></li>
					<li><a href='#'>@TCS05</a></li>
					<li><a href='#'>@productDetail</a></li>
					<li><a href='#'>@TCS06</a></li>
					<li class='divider'></li>
					<li class='clear'><a href='#!' clear='true'>Clear Filters</a></li>
				</ul>
			</div>
			<!-- category toggle -->

			<!-- clear filters -->
			<div class='chip transparent hide'>
				<a class='' id='clear-filters' alt='Clear Filters' title='Clear Filters'>
					<i class='material-icons'>close</i> Clear
				</a>
			</div>
			<!-- clear filters -->

			<!-- enable dashboard -->
			<div id='toggle-test-view-charts' class='chip transparent'>
				<a class='pink-text' id='enable-dashboard' alt='Enable Dashboard' title='Enable Dashboard'>
					<i class='material-icons'>track_changes</i> Dashboard
				</a>
			</div>
			<!-- enable dashboard -->

			<!-- search -->
			<div class='chip transparent' alt='Search Tests' title='Search Tests'>
				<a href="#" class='search-div'>
					<i class='material-icons'>search</i> Search
				</a>

				<div class='input-field left hide'>
					<input id='search-tests' type='text' class='validate browser-default' placeholder='Search Tests...'>
				</div>
				
			</div>
			<!-- search -->
		</div>
	</section>


<div id='test-view-charts' class='subview-full'>
	<div id='charts-row' class='row nm-v nm-h'>
		<div class='col s12 m4 l4 np-h'>
			<div class='card-panel nm-v'>
				<div class='left panel-name'>Features</div>
				<div class='chart-box'>
					<canvas id='parent-analysis' width='100' height='80'></canvas>
				</div>
				<div class='block text-small'>
					<span class='tooltipped' data-position='top' data-tooltip='66.667%'><span class='strong'>2</span> feature(s) passed</span>
				</div>
				<div class='block text-small'>
					<span class='strong tooltipped' data-position='top' data-tooltip='33.333%'>1</span> feature(s) failed, <span class='strong tooltipped' data-position='top' data-tooltip='0%'>0</span> others
				</div>
			</div>
		</div>
		
		<div class='col s12 m4 l4 np-h'>
			<div class='card-panel nm-v'>
				<div class='left panel-name'>Scenarios</div>
				<div class='chart-box'>
					<canvas id='child-analysis' width='100' height='80'></canvas>
				</div>
				<div class='block text-small'>
					<span class='tooltipped' data-position='top' data-tooltip='66.667%'><span class='strong'>6</span> scenario(s) passed</span>
				</div>
				<div class='block text-small'>
					<span class='strong tooltipped' data-position='top' data-tooltip='33.333%'>3</span> scenario(s) failed, <span class='strong tooltipped' data-position='top' data-tooltip='0%'>0</span> others
				</div>
			</div>
		</div>
		
		<div class='col s12 m4 l4 np-h'>
			<div class='card-panel nm-v'>
				<div class='left panel-name'>Steps</div>
				<div class='chart-box'>
					<canvas id='grandchild-analysis' width='100' height='80'></canvas>
				</div>
				<div class='block text-small'>
					<span class='tooltipped' data-position='top' data-tooltip='52.778%'><span class='strong'>19</span> step(s) passed</span>
				</div>
				<div class='block text-small'>
					<span class='strong tooltipped' data-position='top' data-tooltip='8.333%'>3</span> step(s) failed, <span class='strong tooltipped' data-position='top' data-tooltip='38.889%'>14</span> others
				</div>
			</div>
		</div>
	</div>
</div>

	<div class='subview-left left'>
		
		<div class='view-summary'>
			<h5>Features</h5>
			<ul id='test-collection' class='test-collection'>
				
				
				<li class='test displayed active has-leaf pass' status='pass' bdd='true' test-id='1'>
					<div class='test-heading'>
						<span class='test-name'>Android- Error Message</span>
						<span class='test-time'>Sep 13, 2017 09:57:02 PM</span>
						<span class='test-status right pass'>pass</span>
					</div>
					<div class='test-content hide'>
<div class='scenario node' test-id='2' status='pass'>
	<div class='category-list'>
		<span class='category label white-text'>@Android</span>
	</div>
	<span class='duration right label'>0h 0m 56s+232ms</span>
	<div class='desc'>
		<b>Scenario</b>
		<span class="desc-text">Setting test environment for CAP</span>
	</div>
	<ul class='steps'>
		<li test-id='3' class='node given pass' status='pass'>
			
			<b>Given</b>
			
			<span class="bdd-step-name">Given I launch Cap application for the first time</span>
			<ul class='screenshots right'>
				<li><a data-featherlight="image" href="/Users/tft/Documents/hitesh-repo/QA-Automation/cb_customer_app/output/screenshots/scrn_3064125530469297290.png"><i class='material-icons'>panorama</i></a></li>
			</ul>
				<div class='pre'>Platform: Android; Version: 6.0; Model: Nexus 5; ID: ZX1D63G4CS;</div>
				<div class='pre'><a href='/var/folders/z_/4bk3wtp50954zwr6754vrkv40000gn/T/src_6629605987291191720.xml'>page source</a></div>
				<div class='pre'>passed</div>
			
		</li>
		<li test-id='4' class='node and pass' status='pass'>
			
			<b>And</b>
			
			<span class="bdd-step-name">And I accept location access alert</span>
			<ul class='screenshots right'>
				<li><a data-featherlight="image" href="/Users/tft/Documents/hitesh-repo/QA-Automation/cb_customer_app/output/screenshots/scrn_7947561733622033351.png"><i class='material-icons'>panorama</i></a></li>
			</ul>
				<div class='pre'>passed</div>
				<div class='pre'><a href='/var/folders/z_/4bk3wtp50954zwr6754vrkv40000gn/T/src_4248886938245751160.xml'>page source</a></div>
			
		</li>
	</ul>
</div>
<div class='scenariooutline node' test-id='5' status='pass'>
	<span class='duration right label'>0h 0m 29s+233ms</span>
	<div class='desc'>
		<b>ScenarioOutline</b>
		<span class="desc-text">Validating valid username</span>
	</div>
	<ul class='steps'>
		<li test-id='6' class='node scenario pass' status='pass'>
			<div class='category-list'>
				<span class='category label white-text'>@TCS01</span>
				<span class='category label white-text'>@Android</span>
				<span class='category label white-text'>@loginValidation</span>
			</div>
			
			<b>Scenario</b>
			
			<span class="bdd-step-name">Validating valid username</span>
			
				<ul class='steps'>
					<li test-id='7' class='node given pass' status='pass'><b>Given</b>
						<span class="bdd-step-name">Given I enter "curbside", "" and "curbside" for login</span>
							<div class='pre'>passed</div>
					</li>
					<li test-id='8' class='node when pass' status='pass'><b>When</b>
						<span class="bdd-step-name">When I tap on 'Login' button</span>
							<div class='pre'>passed</div>
					</li>
					<li test-id='9' class='node then pass' status='pass'><b>Then</b>
						<span class="bdd-step-name">Then I should see this "Please enter a valid username" on the screen</span>
						<ul class='screenshots right'>
							<li><a data-featherlight="image" href="/Users/tft/Documents/hitesh-repo/QA-Automation/cb_customer_app/output/screenshots/scrn_591025275489134208.png"><i class='material-icons'>panorama</i></a></li>
						</ul>
							<div class='pre'>passed</div>
							<div class='pre'><a href='/var/folders/z_/4bk3wtp50954zwr6754vrkv40000gn/T/src_4803534713381624411.xml'>page source</a></div>
					</li>
				</ul>
		</li>
	</ul>
</div>
<div class='scenariooutline node' test-id='10' status='pass'>
	<span class='duration right label'>0h 0m 36s+973ms</span>
	<div class='desc'>
		<b>ScenarioOutline</b>
		<span class="desc-text">Validating password should be at least 7 characters</span>
	</div>
	<ul class='steps'>
		<li test-id='11' class='node scenario pass' status='pass'>
			<div class='category-list'>
				<span class='category label white-text'>@Android</span>
				<span class='category label white-text'>@TCS02</span>
				<span class='category label white-text'>@loginValidation</span>
			</div>
			
			<b>Scenario</b>
			
			<span class="bdd-step-name">Validating password should be at least 7 characters</span>
			
				<ul class='steps'>
					<li test-id='12' class='node given pass' status='pass'><b>Given</b>
						<span class="bdd-step-name">Given I enter "cvs", "1234567" and "123456" for login</span>
							<div class='pre'>passed</div>
					</li>
					<li test-id='13' class='node when pass' status='pass'><b>When</b>
						<span class="bdd-step-name">When I tap on 'Login' button</span>
							<div class='pre'>passed</div>
					</li>
					<li test-id='14' class='node then pass' status='pass'><b>Then</b>
						<span class="bdd-step-name">Then I should see this "Password should be at least 7 characters" on the screen</span>
						<ul class='screenshots right'>
							<li><a data-featherlight="image" href="/Users/tft/Documents/hitesh-repo/QA-Automation/cb_customer_app/output/screenshots/scrn_1427903800599797554.png"><i class='material-icons'>panorama</i></a></li>
						</ul>
							<div class='pre'>passed</div>
							<div class='pre'><a href='/var/folders/z_/4bk3wtp50954zwr6754vrkv40000gn/T/src_9170148764592291490.xml'>page source</a></div>
					</li>
				</ul>
		</li>
	</ul>
</div>
<div class='scenariooutline node' test-id='15' status='pass'>
	<span class='duration right label'>0h 0m 38s+35ms</span>
	<div class='desc'>
		<b>ScenarioOutline</b>
		<span class="desc-text">Validating EmpId should be of 7 digits</span>
	</div>
	<ul class='steps'>
		<li test-id='16' class='node scenario pass' status='pass'>
			<div class='category-list'>
				<span class='category label white-text'>@TCS03</span>
				<span class='category label white-text'>@Android</span>
				<span class='category label white-text'>@loginValidation</span>
			</div>
			
			<b>Scenario</b>
			
			<span class="bdd-step-name">Validating EmpId should be of 7 digits</span>
			
				<ul class='steps'>
					<li test-id='17' class='node given pass' status='pass'><b>Given</b>
						<span class="bdd-step-name">Given I enter "cvs", "123456" and "curbside" for login</span>
							<div class='pre'>passed</div>
					</li>
					<li test-id='18' class='node when pass' status='pass'><b>When</b>
						<span class="bdd-step-name">When I tap on 'Login' button</span>
							<div class='pre'>passed</div>
					</li>
					<li test-id='19' class='node then pass' status='pass'><b>Then</b>
						<span class="bdd-step-name">Then I should see this "Please enter 7-digit EMP ID ex. 0001234" on the screen</span>
						<ul class='screenshots right'>
							<li><a data-featherlight="image" href="/Users/tft/Documents/hitesh-repo/QA-Automation/cb_customer_app/output/screenshots/scrn_112089756816717761.png"><i class='material-icons'>panorama</i></a></li>
						</ul>
							<div class='pre'>passed</div>
							<div class='pre'><a href='/var/folders/z_/4bk3wtp50954zwr6754vrkv40000gn/T/src_8564825762502505877.xml'>page source</a></div>
					</li>
				</ul>
		</li>
	</ul>
</div>
					</div>
				</li>
				
				
				<li class='test displayed active has-leaf pass' status='pass' bdd='true' test-id='20'>
					<div class='test-heading'>
						<span class='test-name'>Android- My Account</span>
						<span class='test-time'>Sep 13, 2017 09:59:44 PM</span>
						<span class='test-status right pass'>pass</span>
					</div>
					<div class='test-content hide'>
<div class='scenario node' test-id='21' status='pass'>
	<div class='category-list'>
		<span class='category label white-text'>@Android</span>
	</div>
	<span class='duration right label'>0h 0m 48s+587ms</span>
	<div class='desc'>
		<b>Scenario</b>
		<span class="desc-text">Setting test environment for CAP</span>
	</div>
	<ul class='steps'>
		<li test-id='22' class='node given pass' status='pass'>
			
			<b>Given</b>
			
			<span class="bdd-step-name">Given I launch Cap application</span>
			<ul class='screenshots right'>
				<li><a data-featherlight="image" href="/Users/tft/Documents/hitesh-repo/QA-Automation/cb_customer_app/output/screenshots/scrn_2197331692821902469.png"><i class='material-icons'>panorama</i></a></li>
			</ul>
				<div class='pre'><a href='/var/folders/z_/4bk3wtp50954zwr6754vrkv40000gn/T/src_8885452711701187036.xml'>page source</a></div>
				<div class='pre'>passed</div>
			
		</li>
		<li test-id='23' class='node and pass' status='pass'>
			
			<b>And</b>
			
			<span class="bdd-step-name">And I have selected test environment for CAP</span>
			<ul class='screenshots right'>
				<li><a data-featherlight="image" href="/Users/tft/Documents/hitesh-repo/QA-Automation/cb_customer_app/output/screenshots/scrn_2685752587558495257.png"><i class='material-icons'>panorama</i></a></li>
			</ul>
				<div class='pre'>passed</div>
				<div class='pre'><a href='/var/folders/z_/4bk3wtp50954zwr6754vrkv40000gn/T/src_5067796815914799361.xml'>page source</a></div>
			
		</li>
	</ul>
</div>
<div class='scenariooutline node' test-id='24' status='pass'>
	<span class='duration right label'>0h 0m 45s+297ms</span>
	<div class='desc'>
		<b>ScenarioOutline</b>
		<span class="desc-text">Setting test environment for CAP</span>
	</div>
	<ul class='steps'>
		<li test-id='25' class='node scenario pass' status='pass'>
			<div class='category-list'>
				<span class='category label white-text'>@Android</span>
				<span class='category label white-text'>@myAccount</span>
				<span class='category label white-text'>@TCS05</span>
			</div>
			
			<b>Scenario</b>
			
			<span class="bdd-step-name">Setting test environment for CAP</span>
			
				<ul class='steps'>
					<li test-id='26' class='node given pass' status='pass'><b>Given</b>
						<span class="bdd-step-name">Given I enter "curbside", "qaautomation_initium" and "curbside" for login</span>
							<div class='pre'>passed</div>
					</li>
					<li test-id='27' class='node when pass' status='pass'><b>When</b>
						<span class="bdd-step-name">When I tap on 'Login' button</span>
							<div class='pre'>passed</div>
					</li>
					<li test-id='28' class='node then pass' status='pass'><b>Then</b>
						<span class="bdd-step-name">Then I should see Home screen of CAP</span>
							<div class='pre'>passed</div>
					</li>
					<li test-id='29' class='node when pass' status='pass'><b>When</b>
						<span class="bdd-step-name">When I Sign out from CAP</span>
							<div class='pre'>passed</div>
					</li>
					<li test-id='30' class='node then pass' status='pass'><b>Then</b>
						<span class="bdd-step-name">Then I should see Login Screen of CAP</span>
						<ul class='screenshots right'>
							<li><a data-featherlight="image" href="/Users/tft/Documents/hitesh-repo/QA-Automation/cb_customer_app/output/screenshots/scrn_7245976766669983639.png"><i class='material-icons'>panorama</i></a></li>
						</ul>
							<div class='pre'>passed</div>
							<div class='pre'><a href='/var/folders/z_/4bk3wtp50954zwr6754vrkv40000gn/T/src_8131496809260997838.xml'>page source</a></div>
					</li>
				</ul>
		</li>
	</ul>
</div>
					</div>
				</li>
				
				
				<li class='test displayed active has-leaf fail' status='fail' bdd='true' test-id='31'>
					<div class='test-heading'>
						<span class='test-name'>Android- Product Detail</span>
						<span class='test-time'>Sep 13, 2017 10:01:18 PM</span>
						<span class='test-status right fail'>fail</span>
					</div>
					<div class='test-content hide'>
<div class='scenario node' test-id='32' status='fail'>
	<span class='duration right label'>0h 3m 35s+397ms</span>
	<div class='desc'>
		<b>Scenario</b>
		<span class="desc-text">Standard Orders</span>
	</div>
	<ul class='steps'>
		<li test-id='33' class='node given fail' status='fail'>
			
			<b>Given</b>
			
			<span class="bdd-step-name">Given I launch Curbside application for the first time</span>
			<ul class='screenshots right'>
				<li><a data-featherlight="image" href="/Users/tft/Documents/hitesh-repo/QA-Automation/cb_customer_app/output/screenshots/scrn_6274592214481464674.png"><i class='material-icons'>panorama</i></a></li>
			</ul>
				<div class='pre'>Platform: Android; Version: 6.0; Model: Nexus 5; ID: ZX1D63G4CS;</div>
				<div class='pre'><pre>org.openqa.selenium.WebDriverException: An unknown server-side error occurred while processing the command. Original error: UiAUtomator shut down unexpectedly (WARNING: The server did not provide any stacktrace information)
Command duration or timeout: 166.90 seconds
Build info: version: '3.4.0', revision: 'unknown', time: 'unknown'
System info: host: 'tfts-MacBook-Air-2.local', ip: '2405:204:3018:2ee2:1c65:326:e72b:4588', os.name: 'Mac OS X', os.arch: 'x86_64', os.version: '10.12.5', java.version: '1.8.0_121'
Driver info: io.appium.java_client.android.AndroidDriver
Capabilities [{app=/Users/tft/Documents/hitesh-repo/QA-Automation/cb_customer_app/../Curbside.apk, appPackage=com.curbside.nCurbside, deviceScreenSize=1080x1920, networkConnectionEnabled=true, noReset=false, warnings={}, newCommandTimeOut=120, databaseEnabled=false, deviceName=01b8c0300d5cc4c3, fullReset=false, platform=LINUX, deviceUDID=01b8c0300d5cc4c3, appActivity=com.curbside.nCurbside.app.help.SplashScreenActivity, desired={app=/Users/tft/Documents/hitesh-repo/QA-Automation/cb_customer_app/../Curbside.apk, appPackage=com.curbside.nCurbside, appActivity=com.curbside.nCurbside.app.help.SplashScreenActivity, noReset=false, newCommandTimeOut=120, platformName=Android, deviceName=ZX1D63G4CS, fullReset=false}, platformVersion=6.0, webStorageEnabled=false, locationContextEnabled=false, takesScreenshot=true, javascriptEnabled=true, deviceModel=Nexus 5, platformName=Android, deviceManufacturer=LGE}]
Session ID: 31570d65-1a38-4a1a-835d-06a08d0d7a8d
	at sun.reflect.NativeConstructorAccessorImpl.newInstance0(Native Method)
	at sun.reflect.NativeConstructorAccessorImpl.newInstance(NativeConstructorAccessorImpl.java:62)
	at sun.reflect.DelegatingConstructorAccessorImpl.newInstance(DelegatingConstructorAccessorImpl.java:45)
	at java.lang.reflect.Constructor.newInstance(Constructor.java:423)
	at org.openqa.selenium.remote.ErrorHandler.createThrowable(ErrorHandler.java:215)
	at org.openqa.selenium.remote.ErrorHandler.throwIfResponseFailed(ErrorHandler.java:167)
	at org.openqa.selenium.remote.RemoteWebDriver.execute(RemoteWebDriver.java:671)
	at io.appium.java_client.DefaultGenericMobileDriver.execute(DefaultGenericMobileDriver.java:46)
	at io.appium.java_client.AppiumDriver.execute(AppiumDriver.java:1)
	at io.appium.java_client.android.AndroidDriver.execute(AndroidDriver.java:1)
	at org.openqa.selenium.remote.RemoteWebDriver.getPageSource(RemoteWebDriver.java:519)
	at com.curbside.automation.uifactory.MobileDevice.getSource(MobileDevice.java:200)
	at com.curbside.automation.uifactory.MobileDevice.getSource(MobileDevice.java:191)
	at com.curbside.automation.uifactory.MobileDevice.getScreenshot(MobileDevice.java:223)
	at com.curbside.automation.uifactory.Steps.launchApplicationClean(Steps.java:105)
	at ✽.Given I launch Curbside application for the first time(src/test/resources/cap/features/android/ProductDetail.feature:5)
</pre></div>
			
		</li>
		<li test-id='34' class='node and skip' status='skip'>
			
			<b>And</b>
			
			<span class="bdd-step-name">And I have selected Experimental test environment</span>
				<div class='pre'>undefined</div>
			
		</li>
		<li test-id='35' class='node and skip' status='skip'>
			
			<b>And</b>
			
			<span class="bdd-step-name">And I sign in into application using username "capautomation@test.com" and password "1234567890"</span>
				<div class='pre'>undefined</div>
			
		</li>
		<li test-id='36' class='node then skip' status='skip'>
			
			<b>Then</b>
			
			<span class="bdd-step-name">Then I should be logged in to the application</span>
				<div class='pre'>undefined</div>
			
		</li>
		<li test-id='37' class='node and skip' status='skip'>
			
			<b>And</b>
			
			<span class="bdd-step-name">And My cart is empty</span>
				<div class='pre'>undefined</div>
			
		</li>
		<li test-id='38' class='node and skip' status='skip'>
			
			<b>And</b>
			
			<span class="bdd-step-name">And I add any product to cart in 'Gilroy' location</span>
				<div class='pre'>undefined</div>
			
		</li>
		<li test-id='39' class='node and skip' status='skip'>
			
			<b>And</b>
			
			<span class="bdd-step-name">And I cancel 'all' orders</span>
				<div class='pre'>undefined</div>
			
		</li>
		<li test-id='40' class='node and skip' status='skip'>
			
			<b>And</b>
			
			<span class="bdd-step-name">And I tap on 'Cart' button</span>
				<div class='pre'>skipped</div>
			
		</li>
		<li test-id='41' class='node and skip' status='skip'>
			
			<b>And</b>
			
			<span class="bdd-step-name">And I tap on Place order button</span>
				<div class='pre'>undefined</div>
			
		</li>
		<li test-id='42' class='node and skip' status='skip'>
			
			<b>And</b>
			
			<span class="bdd-step-name">And I should see the successful placed order notification on the screen</span>
				<div class='pre'>undefined</div>
			
		</li>
		<li test-id='43' class='node and skip' status='skip'>
			
			<b>And</b>
			
			<span class="bdd-step-name">And I save Order Id of the product and named as 'productDetail'</span>
				<div class='pre'>undefined</div>
			
		</li>
	</ul>
</div>
<div class='scenariooutline node' test-id='44' status='fail'>
	<span class='duration right label'>0h 0m 0s+22ms</span>
	<div class='desc'>
		<b>ScenarioOutline</b>
		<span class="desc-text">Setting test environment for CAP</span>
	</div>
	<ul class='steps'>
		<li test-id='45' class='node scenario fail' status='fail'>
			<div class='category-list'>
				<span class='category label white-text'>@productDetail</span>
			</div>
			
			<b>Scenario</b>
			
			<span class="bdd-step-name">Setting test environment for CAP</span>
			
				<ul class='steps'>
					<li test-id='46' class='node given fail' status='fail'><b>Given</b>
						<span class="bdd-step-name">Given I launch Cap application</span>
							<div class='pre'><pre>org.openqa.selenium.NoSuchSessionException: A session is either terminated or not started (WARNING: The server did not provide any stacktrace information)
Command duration or timeout: 7 milliseconds
Build info: version: '3.4.0', revision: 'unknown', time: 'unknown'
System info: host: 'tfts-MacBook-Air-2.local', ip: '2405:204:3018:2ee2:1c65:326:e72b:4588', os.name: 'Mac OS X', os.arch: 'x86_64', os.version: '10.12.5', java.version: '1.8.0_121'
Driver info: io.appium.java_client.android.AndroidDriver
Capabilities [{app=/Users/tft/Documents/hitesh-repo/QA-Automation/cb_customer_app/../Curbside.apk, appPackage=com.curbside.nCurbside, deviceScreenSize=1080x1920, networkConnectionEnabled=true, noReset=false, warnings={}, newCommandTimeOut=120, databaseEnabled=false, deviceName=01b8c0300d5cc4c3, fullReset=false, platform=LINUX, deviceUDID=01b8c0300d5cc4c3, appActivity=com.curbside.nCurbside.app.help.SplashScreenActivity, desired={app=/Users/tft/Documents/hitesh-repo/QA-Automation/cb_customer_app/../Curbside.apk, appPackage=com.curbside.nCurbside, appActivity=com.curbside.nCurbside.app.help.SplashScreenActivity, noReset=false, newCommandTimeOut=120, platformName=Android, deviceName=ZX1D63G4CS, fullReset=false}, platformVersion=6.0, webStorageEnabled=false, locationContextEnabled=false, takesScreenshot=true, javascriptEnabled=true, deviceModel=Nexus 5, platformName=Android, deviceManufacturer=LGE}]
Session ID: 31570d65-1a38-4a1a-835d-06a08d0d7a8d
	at sun.reflect.NativeConstructorAccessorImpl.newInstance0(Native Method)
	at sun.reflect.NativeConstructorAccessorImpl.newInstance(NativeConstructorAccessorImpl.java:62)
	at sun.reflect.DelegatingConstructorAccessorImpl.newInstance(DelegatingConstructorAccessorImpl.java:45)
	at java.lang.reflect.Constructor.newInstance(Constructor.java:423)
	at org.openqa.selenium.remote.ErrorHandler.createThrowable(ErrorHandler.java:215)
	at org.openqa.selenium.remote.ErrorHandler.throwIfResponseFailed(ErrorHandler.java:167)
	at org.openqa.selenium.remote.RemoteWebDriver.execute(RemoteWebDriver.java:671)
	at io.appium.java_client.DefaultGenericMobileDriver.execute(DefaultGenericMobileDriver.java:46)
	at io.appium.java_client.AppiumDriver.execute(AppiumDriver.java:1)
	at io.appium.java_client.android.AndroidDriver.execute(AndroidDriver.java:1)
	at org.openqa.selenium.remote.RemoteWebDriver.quit(RemoteWebDriver.java:533)
	at com.curbside.automation.uifactory.DriverFactory.releaseDriver(DriverFactory.java:96)
	at com.curbside.automation.uifactory.Steps.launchApplication(Steps.java:42)
	at ✽.Given I launch Cap application(src/test/resources/cap/features/android/ProductDetail.feature:18)
</pre></div>
					</li>
					<li test-id='47' class='node and skip' status='skip'><b>And</b>
						<span class="bdd-step-name">And I have selected test environment for CAP</span>
							<div class='pre'>skipped</div>
					</li>
					<li test-id='48' class='node and skip' status='skip'><b>And</b>
						<span class="bdd-step-name">And I am logged in to the CAP with "curbside", "qaautomation_initium" and "curbside"</span>
							<div class='pre'>undefined</div>
					</li>
				</ul>
		</li>
	</ul>
</div>
<div class='scenario node' test-id='49' status='fail'>
	<div class='category-list'>
		<span class='category label white-text'>@Android</span>
		<span class='category label white-text'>@TCS06</span>
	</div>
	<span class='duration right label'>0h 0m 0s+29ms</span>
	<div class='desc'>
		<b>Scenario</b>
		<span class="desc-text">Detail screen</span>
	</div>
	<ul class='steps'>
		<li test-id='50' class='node and pass' status='pass'>
			
			<b>And</b>
			
			<span class="bdd-step-name">And I wait for Tasks to get loaded</span>
				<div class='pre'>passed</div>
			
		</li>
		<li test-id='51' class='node and fail' status='fail'>
			
			<b>And</b>
			
			<span class="bdd-step-name">And I search for Order Id named as 'productDetail' and 'tap' it</span>
				<div class='pre'><pre>org.openqa.selenium.NoSuchSessionException: Session ID is null. Using WebDriver after calling quit()?
Build info: version: '3.4.0', revision: 'unknown', time: 'unknown'
System info: host: 'tfts-MacBook-Air-2.local', ip: '2405:204:3018:2ee2:1c65:326:e72b:4588', os.name: 'Mac OS X', os.arch: 'x86_64', os.version: '10.12.5', java.version: '1.8.0_121'
Driver info: driver.version: AndroidDriver
	at io.appium.java_client.remote.AppiumCommandExecutor.doExecute(AppiumCommandExecutor.java:101)
	at io.appium.java_client.remote.AppiumCommandExecutor.execute(AppiumCommandExecutor.java:162)
	at org.openqa.selenium.remote.RemoteWebDriver.execute(RemoteWebDriver.java:637)
	at io.appium.java_client.DefaultGenericMobileDriver.execute(DefaultGenericMobileDriver.java:42)
	at io.appium.java_client.AppiumDriver.execute(AppiumDriver.java:1)
	at io.appium.java_client.android.AndroidDriver.execute(AndroidDriver.java:1)
	at org.openqa.selenium.remote.RemoteWebDriver.findElement(RemoteWebDriver.java:410)
	at io.appium.java_client.DefaultGenericMobileDriver.findElement(DefaultGenericMobileDriver.java:62)
	at io.appium.java_client.AppiumDriver.findElement(AppiumDriver.java:1)
	at io.appium.java_client.android.AndroidDriver.findElement(AndroidDriver.java:1)
	at org.openqa.selenium.remote.RemoteWebDriver.findElementById(RemoteWebDriver.java:453)
	at io.appium.java_client.DefaultGenericMobileDriver.findElementById(DefaultGenericMobileDriver.java:70)
	at io.appium.java_client.AppiumDriver.findElementById(AppiumDriver.java:1)
	at io.appium.java_client.android.AndroidDriver.findElementById(AndroidDriver.java:1)
	at org.openqa.selenium.By$ById.findElement(By.java:218)
	at org.openqa.selenium.remote.RemoteWebDriver.findElement(RemoteWebDriver.java:402)
	at io.appium.java_client.DefaultGenericMobileDriver.findElement(DefaultGenericMobileDriver.java:58)
	at io.appium.java_client.AppiumDriver.findElement(AppiumDriver.java:1)
	at io.appium.java_client.android.AndroidDriver.findElement(AndroidDriver.java:1)
	at com.curbside.automation.uifactory.UIElement.getElement(UIElement.java:41)
	at com.curbside.automation.uifactory.UIElement.getText(UIElement.java:64)
	at com.cap.android.ui.HomeCap.iSearchForOrderId(HomeCap.java:42)
	at ✽.And I search for Order Id named as 'productDetail' and 'tap' it(src/test/resources/cap/features/android/ProductDetail.feature:28)
</pre></div>
			
		</li>
		<li test-id='52' class='node when skip' status='skip'>
			
			<b>When</b>
			
			<span class="bdd-step-name">When I click on a product from the order list</span>
				<div class='pre'>skipped</div>
			
		</li>
		<li test-id='53' class='node then skip' status='skip'>
			
			<b>Then</b>
			
			<span class="bdd-step-name">Then I should see product details on the screen</span>
				<div class='pre'>skipped</div>
			
		</li>
	</ul>
</div>
					</div>
				</li>
			</ul>
		</div>
	</div>
	<!-- subview left -->

	<div class='subview-right left'>
		<div class='view-summary'>
			<h5 class='test-name'></h5>

			<div id='step-filters' class="right">
				<span class="blue-text" status="info" alt="info" title="info"><i class="material-icons">info_outline</i></span>
				<span class="green-text" status="pass" alt="pass" title="pass"><i class="material-icons">check_circle</i></span>
				<span class="red-text" status="fail" alt="fail" title="fail"><i class="material-icons">cancel</i></span>
				<span class="red-text text-darken-4" status="fatal" alt="fatal" title="fatal"><i class="material-icons">cancel</i></span>
				<span class="pink-text text-lighten-1" status="error" alt="error" title="error"><i class="material-icons">error</i></span>
				<span class="orange-text" alt="warning" status="warning" title="warning"><i class="material-icons">warning</i></span>
				<span class="teal-text" status="skip" alt="skip" title="skip"><i class="material-icons">redo</i></span>
				<span status="clear" alt="Clear filters" title="Clear filters"><i class="material-icons">clear</i></span>
			</div>
		</div>
	</div>
	<!-- subview right -->

</div>
<!-- test view -->
<div id='category-view' class='view hide'>

	<section id='controls'>
		<div class='controls grey lighten-4'>
			<!-- search -->
			<div class='chip transparent' alt='Search Tests' title='Search Tests'>
				<a href="#" class='search-div'>
					<i class='material-icons'>search</i> Search
				</a>
				
				<div class='input-field left hide'>
					<input id='search-tests' type='text' class='validate browser-default' placeholder='Search Tests...'>
				</div>
				
			</div>
			<!-- search -->
		</div>
	</section>

	<div class='subview-left left'>
		
		<div class='view-summary'>
			<h5>Categories</h3>
			<ul id='category-collection' class='category-collection'>
				
				<li class='category displayed active'>
					<div class='category-heading'>
						<span class='category-name'>@loginValidation</span>
						<span class='category-status right'>
							<span class='label pass'>4</span>
						</span>
					</div>
					<div class='category-content hide'>
						<div class='category-status-counts'>
							<span class='label green accent-4 white-text'>Passed: 4</span>
							
							
						</div>
					
						<div class='category-tests'>
							<table class='bordered table-results'>
								<thead>
									<tr>
										<th>Timestamp</th>
										<th>TestName</th>
										<th>Status</th>
									</tr>
								</thead>
								<tbody>
									<tr>
										<td>Sep 13, 2017 09:57:02 PM</td>
										<td class='linked' test-id='1'>Android- Error Message</td>
										<td><span class='test-status pass'>pass</span></td>
									</tr>
									<tr>
										<td>Sep 13, 2017 09:57:59 PM</td>
										<td class='linked' test-id='6'>Android- Error Message.Validating valid username.Validating valid username</td>
										<td><span class='test-status pass'>pass</span></td>
									</tr>
									<tr>
										<td>Sep 13, 2017 09:58:28 PM</td>
										<td class='linked' test-id='11'>Android- Error Message.Validating password should be at least 7 characters.Validating password should be at least 7 characters</td>
										<td><span class='test-status pass'>pass</span></td>
									</tr>
									<tr>
										<td>Sep 13, 2017 09:59:05 PM</td>
										<td class='linked' test-id='16'>Android- Error Message.Validating EmpId should be of 7 digits.Validating EmpId should be of 7 digits</td>
										<td><span class='test-status pass'>pass</span></td>
									</tr>
								</tbody>
							</table>
						</div>
					</div>
				</li>
				<li class='category displayed active'>
					<div class='category-heading'>
						<span class='category-name'>@Android</span>
						<span class='category-status right'>
							<span class='label pass'>6</span>
							<span class='label fail'>1</span>
						</span>
					</div>
					<div class='category-content hide'>
						<div class='category-status-counts'>
							<span class='label green accent-4 white-text'>Passed: 6</span>
							<span class='label red lighten-1 white-text'>Failed: 1</span>
							
						</div>
					
						<div class='category-tests'>
							<table class='bordered table-results'>
								<thead>
									<tr>
										<th>Timestamp</th>
										<th>TestName</th>
										<th>Status</th>
									</tr>
								</thead>
								<tbody>
									<tr>
										<td>Sep 13, 2017 09:57:02 PM</td>
										<td class='linked' test-id='2'>Android- Error Message.Setting test environment for CAP</td>
										<td><span class='test-status pass'>pass</span></td>
									</tr>
									<tr>
										<td>Sep 13, 2017 09:57:59 PM</td>
										<td class='linked' test-id='6'>Android- Error Message.Validating valid username.Validating valid username</td>
										<td><span class='test-status pass'>pass</span></td>
									</tr>
									<tr>
										<td>Sep 13, 2017 09:58:28 PM</td>
										<td class='linked' test-id='11'>Android- Error Message.Validating password should be at least 7 characters.Validating password should be at least 7 characters</td>
										<td><span class='test-status pass'>pass</span></td>
									</tr>
									<tr>
										<td>Sep 13, 2017 09:59:05 PM</td>
										<td class='linked' test-id='16'>Android- Error Message.Validating EmpId should be of 7 digits.Validating EmpId should be of 7 digits</td>
										<td><span class='test-status pass'>pass</span></td>
									</tr>
									<tr>
										<td>Sep 13, 2017 09:59:44 PM</td>
										<td class='linked' test-id='21'>Android- My Account.Setting test environment for CAP</td>
										<td><span class='test-status pass'>pass</span></td>
									</tr>
									<tr>
										<td>Sep 13, 2017 10:00:33 PM</td>
										<td class='linked' test-id='25'>Android- My Account.Setting test environment for CAP.Setting test environment for CAP</td>
										<td><span class='test-status pass'>pass</span></td>
									</tr>
									<tr>
										<td>Sep 13, 2017 10:04:54 PM</td>
										<td class='linked' test-id='49'>Android- Product Detail.Detail screen</td>
										<td><span class='test-status fail'>fail</span></td>
									</tr>
								</tbody>
							</table>
						</div>
					</div>
				</li>
				<li class='category displayed active'>
					<div class='category-heading'>
						<span class='category-name'>@TCS01</span>
						<span class='category-status right'>
							<span class='label pass'>1</span>
						</span>
					</div>
					<div class='category-content hide'>
						<div class='category-status-counts'>
							<span class='label green accent-4 white-text'>Passed: 1</span>
							
							
						</div>
					
						<div class='category-tests'>
							<table class='bordered table-results'>
								<thead>
									<tr>
										<th>Timestamp</th>
										<th>TestName</th>
										<th>Status</th>
									</tr>
								</thead>
								<tbody>
									<tr>
										<td>Sep 13, 2017 09:57:59 PM</td>
										<td class='linked' test-id='6'>Android- Error Message.Validating valid username.Validating valid username</td>
										<td><span class='test-status pass'>pass</span></td>
									</tr>
								</tbody>
							</table>
						</div>
					</div>
				</li>
				<li class='category displayed active'>
					<div class='category-heading'>
						<span class='category-name'>@TCS02</span>
						<span class='category-status right'>
							<span class='label pass'>1</span>
						</span>
					</div>
					<div class='category-content hide'>
						<div class='category-status-counts'>
							<span class='label green accent-4 white-text'>Passed: 1</span>
							
							
						</div>
					
						<div class='category-tests'>
							<table class='bordered table-results'>
								<thead>
									<tr>
										<th>Timestamp</th>
										<th>TestName</th>
										<th>Status</th>
									</tr>
								</thead>
								<tbody>
									<tr>
										<td>Sep 13, 2017 09:58:28 PM</td>
										<td class='linked' test-id='11'>Android- Error Message.Validating password should be at least 7 characters.Validating password should be at least 7 characters</td>
										<td><span class='test-status pass'>pass</span></td>
									</tr>
								</tbody>
							</table>
						</div>
					</div>
				</li>
				<li class='category displayed active'>
					<div class='category-heading'>
						<span class='category-name'>@TCS03</span>
						<span class='category-status right'>
							<span class='label pass'>1</span>
						</span>
					</div>
					<div class='category-content hide'>
						<div class='category-status-counts'>
							<span class='label green accent-4 white-text'>Passed: 1</span>
							
							
						</div>
					
						<div class='category-tests'>
							<table class='bordered table-results'>
								<thead>
									<tr>
										<th>Timestamp</th>
										<th>TestName</th>
										<th>Status</th>
									</tr>
								</thead>
								<tbody>
									<tr>
										<td>Sep 13, 2017 09:59:05 PM</td>
										<td class='linked' test-id='16'>Android- Error Message.Validating EmpId should be of 7 digits.Validating EmpId should be of 7 digits</td>
										<td><span class='test-status pass'>pass</span></td>
									</tr>
								</tbody>
							</table>
						</div>
					</div>
				</li>
				<li class='category displayed active'>
					<div class='category-heading'>
						<span class='category-name'>@myAccount</span>
						<span class='category-status right'>
							<span class='label pass'>2</span>
						</span>
					</div>
					<div class='category-content hide'>
						<div class='category-status-counts'>
							<span class='label green accent-4 white-text'>Passed: 2</span>
							
							
						</div>
					
						<div class='category-tests'>
							<table class='bordered table-results'>
								<thead>
									<tr>
										<th>Timestamp</th>
										<th>TestName</th>
										<th>Status</th>
									</tr>
								</thead>
								<tbody>
									<tr>
										<td>Sep 13, 2017 09:59:44 PM</td>
										<td class='linked' test-id='20'>Android- My Account</td>
										<td><span class='test-status pass'>pass</span></td>
									</tr>
									<tr>
										<td>Sep 13, 2017 10:00:33 PM</td>
										<td class='linked' test-id='25'>Android- My Account.Setting test environment for CAP.Setting test environment for CAP</td>
										<td><span class='test-status pass'>pass</span></td>
									</tr>
								</tbody>
							</table>
						</div>
					</div>
				</li>
				<li class='category displayed active'>
					<div class='category-heading'>
						<span class='category-name'>@TCS05</span>
						<span class='category-status right'>
							<span class='label pass'>1</span>
						</span>
					</div>
					<div class='category-content hide'>
						<div class='category-status-counts'>
							<span class='label green accent-4 white-text'>Passed: 1</span>
							
							
						</div>
					
						<div class='category-tests'>
							<table class='bordered table-results'>
								<thead>
									<tr>
										<th>Timestamp</th>
										<th>TestName</th>
										<th>Status</th>
									</tr>
								</thead>
								<tbody>
									<tr>
										<td>Sep 13, 2017 10:00:33 PM</td>
										<td class='linked' test-id='25'>Android- My Account.Setting test environment for CAP.Setting test environment for CAP</td>
										<td><span class='test-status pass'>pass</span></td>
									</tr>
								</tbody>
							</table>
						</div>
					</div>
				</li>
				<li class='category displayed active'>
					<div class='category-heading'>
						<span class='category-name'>@productDetail</span>
						<span class='category-status right'>
							<span class='label fail'>2</span>
						</span>
					</div>
					<div class='category-content hide'>
						<div class='category-status-counts'>
							
							<span class='label red lighten-1 white-text'>Failed: 2</span>
							
						</div>
					
						<div class='category-tests'>
							<table class='bordered table-results'>
								<thead>
									<tr>
										<th>Timestamp</th>
										<th>TestName</th>
										<th>Status</th>
									</tr>
								</thead>
								<tbody>
									<tr>
										<td>Sep 13, 2017 10:01:18 PM</td>
										<td class='linked' test-id='31'>Android- Product Detail</td>
										<td><span class='test-status fail'>fail</span></td>
									</tr>
									<tr>
										<td>Sep 13, 2017 10:04:54 PM</td>
										<td class='linked' test-id='45'>Android- Product Detail.Setting test environment for CAP.Setting test environment for CAP</td>
										<td><span class='test-status fail'>fail</span></td>
									</tr>
								</tbody>
							</table>
						</div>
					</div>
				</li>
				<li class='category displayed active'>
					<div class='category-heading'>
						<span class='category-name'>@TCS06</span>
						<span class='category-status right'>
							<span class='label fail'>1</span>
						</span>
					</div>
					<div class='category-content hide'>
						<div class='category-status-counts'>
							
							<span class='label red lighten-1 white-text'>Failed: 1</span>
							
						</div>
					
						<div class='category-tests'>
							<table class='bordered table-results'>
								<thead>
									<tr>
										<th>Timestamp</th>
										<th>TestName</th>
										<th>Status</th>
									</tr>
								</thead>
								<tbody>
									<tr>
										<td>Sep 13, 2017 10:04:54 PM</td>
										<td class='linked' test-id='49'>Android- Product Detail.Detail screen</td>
										<td><span class='test-status fail'>fail</span></td>
									</tr>
								</tbody>
							</table>
						</div>
					</div>
				</li>

			</ul>
		</div>
	</div>

	<div class='subview-right left'>
		<div class='view-summary'>
			<h5 class='category-name'></h5>
		</div>
	</div>
</div>
<!-- category view -->
<div id='exception-view' class='view hide'>

    <section id='controls'>
        <div class='controls grey lighten-4'>
            <!-- search -->
            <div class='chip transparent' alt='Search Tests' title='Search Tests'>
                <a href="#" class='search-div'>
                    <i class='material-icons'>search</i> Search
                </a>

                <div class='input-field left hide'>
                    <input id='search-tests' type='text' class='validate browser-default' placeholder='Search Tests...'>
                </div>

            </div>
            <!-- search -->
        </div>
    </section>

    <div class='subview-left left'>

        <div class='view-summary'>
            <h5>Exceptions</h3>
                <ul id='exception-collection' class='exception-collection'>

                        <li class='exception displayed active'>
                            <div class='exception-heading'>
                                <span class='exception-name'>org.openqa.selenium.WebDriverException</span>
                                <span class='exception-count right'><span class='label red lighten-1 white-text'>1</span></span>
                            </div>
                            <div class='exception-content hide'>
                                <div class='exception-tests'>
                                    <table class='bordered table-results'>
                                        <thead>
                                        <tr>
                                            <th>Timestamp</th>
                                            <th>TestName</th>
                                            <th>Status</th>
                                        </tr>
                                        </thead>
                                        <tbody>
                                                    <tr>
                                                        <td>Sep 13, 2017 10:01:18 PM</td>
                                                        <td class='linked' test-id='33'>Android- Product Detail.Standard Orders.Given I launch Curbside application for the first time</td>
                                                        <td><pre><pre>org.openqa.selenium.WebDriverException: An unknown server-side error occurred while processing the command. Original error: UiAUtomator shut down unexpectedly (WARNING: The server did not provide any stacktrace information)
Command duration or timeout: 166.90 seconds
Build info: version: '3.4.0', revision: 'unknown', time: 'unknown'
System info: host: 'tfts-MacBook-Air-2.local', ip: '2405:204:3018:2ee2:1c65:326:e72b:4588', os.name: 'Mac OS X', os.arch: 'x86_64', os.version: '10.12.5', java.version: '1.8.0_121'
Driver info: io.appium.java_client.android.AndroidDriver
Capabilities [{app=/Users/tft/Documents/hitesh-repo/QA-Automation/cb_customer_app/../Curbside.apk, appPackage=com.curbside.nCurbside, deviceScreenSize=1080x1920, networkConnectionEnabled=true, noReset=false, warnings={}, newCommandTimeOut=120, databaseEnabled=false, deviceName=01b8c0300d5cc4c3, fullReset=false, platform=LINUX, deviceUDID=01b8c0300d5cc4c3, appActivity=com.curbside.nCurbside.app.help.SplashScreenActivity, desired={app=/Users/tft/Documents/hitesh-repo/QA-Automation/cb_customer_app/../Curbside.apk, appPackage=com.curbside.nCurbside, appActivity=com.curbside.nCurbside.app.help.SplashScreenActivity, noReset=false, newCommandTimeOut=120, platformName=Android, deviceName=ZX1D63G4CS, fullReset=false}, platformVersion=6.0, webStorageEnabled=false, locationContextEnabled=false, takesScreenshot=true, javascriptEnabled=true, deviceModel=Nexus 5, platformName=Android, deviceManufacturer=LGE}]
Session ID: 31570d65-1a38-4a1a-835d-06a08d0d7a8d
	at sun.reflect.NativeConstructorAccessorImpl.newInstance0(Native Method)
	at sun.reflect.NativeConstructorAccessorImpl.newInstance(NativeConstructorAccessorImpl.java:62)
	at sun.reflect.DelegatingConstructorAccessorImpl.newInstance(DelegatingConstructorAccessorImpl.java:45)
	at java.lang.reflect.Constructor.newInstance(Constructor.java:423)
	at org.openqa.selenium.remote.ErrorHandler.createThrowable(ErrorHandler.java:215)
	at org.openqa.selenium.remote.ErrorHandler.throwIfResponseFailed(ErrorHandler.java:167)
	at org.openqa.selenium.remote.RemoteWebDriver.execute(RemoteWebDriver.java:671)
	at io.appium.java_client.DefaultGenericMobileDriver.execute(DefaultGenericMobileDriver.java:46)
	at io.appium.java_client.AppiumDriver.execute(AppiumDriver.java:1)
	at io.appium.java_client.android.AndroidDriver.execute(AndroidDriver.java:1)
	at org.openqa.selenium.remote.RemoteWebDriver.getPageSource(RemoteWebDriver.java:519)
	at com.curbside.automation.uifactory.MobileDevice.getSource(MobileDevice.java:200)
	at com.curbside.automation.uifactory.MobileDevice.getSource(MobileDevice.java:191)
	at com.curbside.automation.uifactory.MobileDevice.getScreenshot(MobileDevice.java:223)
	at com.curbside.automation.uifactory.Steps.launchApplicationClean(Steps.java:105)
	at ✽.Given I launch Curbside application for the first time(src/test/resources/cap/features/android/ProductDetail.feature:5)
</pre></pre></td>
                                                    </tr>
                                        </tbody>
                                    </table>
                                </div>
                            </div>
                        </li>
                        <li class='exception displayed active'>
                            <div class='exception-heading'>
                                <span class='exception-name'>org.openqa.selenium.NoSuchSessionException</span>
                                <span class='exception-count right'><span class='label red lighten-1 white-text'>2</span></span>
                            </div>
                            <div class='exception-content hide'>
                                <div class='exception-tests'>
                                    <table class='bordered table-results'>
                                        <thead>
                                        <tr>
                                            <th>Timestamp</th>
                                            <th>TestName</th>
                                            <th>Status</th>
                                        </tr>
                                        </thead>
                                        <tbody>
                                                    <tr>
                                                        <td>Sep 13, 2017 10:04:54 PM</td>
                                                        <td class='linked' test-id='46'>Android- Product Detail.Setting test environment for CAP.Setting test environment for CAP.Given I launch Cap application</td>
                                                        <td><pre><pre>org.openqa.selenium.NoSuchSessionException: A session is either terminated or not started (WARNING: The server did not provide any stacktrace information)
Command duration or timeout: 7 milliseconds
Build info: version: '3.4.0', revision: 'unknown', time: 'unknown'
System info: host: 'tfts-MacBook-Air-2.local', ip: '2405:204:3018:2ee2:1c65:326:e72b:4588', os.name: 'Mac OS X', os.arch: 'x86_64', os.version: '10.12.5', java.version: '1.8.0_121'
Driver info: io.appium.java_client.android.AndroidDriver
Capabilities [{app=/Users/tft/Documents/hitesh-repo/QA-Automation/cb_customer_app/../Curbside.apk, appPackage=com.curbside.nCurbside, deviceScreenSize=1080x1920, networkConnectionEnabled=true, noReset=false, warnings={}, newCommandTimeOut=120, databaseEnabled=false, deviceName=01b8c0300d5cc4c3, fullReset=false, platform=LINUX, deviceUDID=01b8c0300d5cc4c3, appActivity=com.curbside.nCurbside.app.help.SplashScreenActivity, desired={app=/Users/tft/Documents/hitesh-repo/QA-Automation/cb_customer_app/../Curbside.apk, appPackage=com.curbside.nCurbside, appActivity=com.curbside.nCurbside.app.help.SplashScreenActivity, noReset=false, newCommandTimeOut=120, platformName=Android, deviceName=ZX1D63G4CS, fullReset=false}, platformVersion=6.0, webStorageEnabled=false, locationContextEnabled=false, takesScreenshot=true, javascriptEnabled=true, deviceModel=Nexus 5, platformName=Android, deviceManufacturer=LGE}]
Session ID: 31570d65-1a38-4a1a-835d-06a08d0d7a8d
	at sun.reflect.NativeConstructorAccessorImpl.newInstance0(Native Method)
	at sun.reflect.NativeConstructorAccessorImpl.newInstance(NativeConstructorAccessorImpl.java:62)
	at sun.reflect.DelegatingConstructorAccessorImpl.newInstance(DelegatingConstructorAccessorImpl.java:45)
	at java.lang.reflect.Constructor.newInstance(Constructor.java:423)
	at org.openqa.selenium.remote.ErrorHandler.createThrowable(ErrorHandler.java:215)
	at org.openqa.selenium.remote.ErrorHandler.throwIfResponseFailed(ErrorHandler.java:167)
	at org.openqa.selenium.remote.RemoteWebDriver.execute(RemoteWebDriver.java:671)
	at io.appium.java_client.DefaultGenericMobileDriver.execute(DefaultGenericMobileDriver.java:46)
	at io.appium.java_client.AppiumDriver.execute(AppiumDriver.java:1)
	at io.appium.java_client.android.AndroidDriver.execute(AndroidDriver.java:1)
	at org.openqa.selenium.remote.RemoteWebDriver.quit(RemoteWebDriver.java:533)
	at com.curbside.automation.uifactory.DriverFactory.releaseDriver(DriverFactory.java:96)
	at com.curbside.automation.uifactory.Steps.launchApplication(Steps.java:42)
	at ✽.Given I launch Cap application(src/test/resources/cap/features/android/ProductDetail.feature:18)
</pre></pre></td>
                                                    </tr>
                                                    <tr>
                                                        <td>Sep 13, 2017 10:04:54 PM</td>
                                                        <td class='linked' test-id='51'>Android- Product Detail.Detail screen.And I search for Order Id named as 'productDetail' and 'tap' it</td>
                                                        <td><pre><pre>org.openqa.selenium.NoSuchSessionException: Session ID is null. Using WebDriver after calling quit()?
Build info: version: '3.4.0', revision: 'unknown', time: 'unknown'
System info: host: 'tfts-MacBook-Air-2.local', ip: '2405:204:3018:2ee2:1c65:326:e72b:4588', os.name: 'Mac OS X', os.arch: 'x86_64', os.version: '10.12.5', java.version: '1.8.0_121'
Driver info: driver.version: AndroidDriver
	at io.appium.java_client.remote.AppiumCommandExecutor.doExecute(AppiumCommandExecutor.java:101)
	at io.appium.java_client.remote.AppiumCommandExecutor.execute(AppiumCommandExecutor.java:162)
	at org.openqa.selenium.remote.RemoteWebDriver.execute(RemoteWebDriver.java:637)
	at io.appium.java_client.DefaultGenericMobileDriver.execute(DefaultGenericMobileDriver.java:42)
	at io.appium.java_client.AppiumDriver.execute(AppiumDriver.java:1)
	at io.appium.java_client.android.AndroidDriver.execute(AndroidDriver.java:1)
	at org.openqa.selenium.remote.RemoteWebDriver.findElement(RemoteWebDriver.java:410)
	at io.appium.java_client.DefaultGenericMobileDriver.findElement(DefaultGenericMobileDriver.java:62)
	at io.appium.java_client.AppiumDriver.findElement(AppiumDriver.java:1)
	at io.appium.java_client.android.AndroidDriver.findElement(AndroidDriver.java:1)
	at org.openqa.selenium.remote.RemoteWebDriver.findElementById(RemoteWebDriver.java:453)
	at io.appium.java_client.DefaultGenericMobileDriver.findElementById(DefaultGenericMobileDriver.java:70)
	at io.appium.java_client.AppiumDriver.findElementById(AppiumDriver.java:1)
	at io.appium.java_client.android.AndroidDriver.findElementById(AndroidDriver.java:1)
	at org.openqa.selenium.By$ById.findElement(By.java:218)
	at org.openqa.selenium.remote.RemoteWebDriver.findElement(RemoteWebDriver.java:402)
	at io.appium.java_client.DefaultGenericMobileDriver.findElement(DefaultGenericMobileDriver.java:58)
	at io.appium.java_client.AppiumDriver.findElement(AppiumDriver.java:1)
	at io.appium.java_client.android.AndroidDriver.findElement(AndroidDriver.java:1)
	at com.curbside.automation.uifactory.UIElement.getElement(UIElement.java:41)
	at com.curbside.automation.uifactory.UIElement.getText(UIElement.java:64)
	at com.cap.android.ui.HomeCap.iSearchForOrderId(HomeCap.java:42)
	at ✽.And I search for Order Id named as 'productDetail' and 'tap' it(src/test/resources/cap/features/android/ProductDetail.feature:28)
</pre></pre></td>
                                                    </tr>
                                        </tbody>
                                    </table>
                                </div>
                            </div>
                        </li>
                </ul>
        </div>
    </div>

    <div class='subview-right left'>
        <div class='view-summary'>
            <h5 class='exception-name'></h5>
        </div>
    </div>
</div>
<!-- exception view -->
<div id='dashboard-view' class='view hide'>
	<div class='card-panel transparent np-v'>
		<h5>Dashboard</h5>

		<div class='row'>
			<div class='col s2'>
				<div class='card-panel r'>
					Features
					<div class='panel-lead'>3</div>
				</div>
			</div>
			<div class='col s2'>
				<div class='card-panel r'>
					Scenarios
					<div class='panel-lead'>9</div>
				</div>
			</div>
			<div class='col s2'>
				<div class='card-panel r'>
					Steps
					<div class='panel-lead'>36</div>
				</div>
			</div>
			<div class='col s2'>
				<div class='card-panel r'>
					Start
					<div class='panel-lead'>Sep 13, 2017 09:57:02 PM</div>
				</div>
			</div>
			<div class='col s2'>
				<div class='card-panel r'>
			 		End
			 		<div class='panel-lead'>Sep 13, 2017 10:04:54 PM</div>
				</div>
			</div>
			<div class='col s2'>
				<div class='card-panel r'>
					Time Taken
					<div class='panel-lead'>471,791ms</div>
				</div>
			</div>
			<div class='col s4'>
				<div class='card-panel'>
					<span class='right label cyan white-text'>Categories</span><p>&nbsp;</p>
					
					<table>
						<tr>
							<th>Name</th>
							<th>Passed</th>
							<th>Failed</th>
							<th>Others</th>
						</tr>
						<tr>
							<td>@loginValidation</td>
							<td>4</td>
							<td>0</td>
							<td>0</td>
						</tr>
						<tr>
							<td>@Android</td>
							<td>6</td>
							<td>1</td>
							<td>0</td>
						</tr>
						<tr>
							<td>@TCS01</td>
							<td>1</td>
							<td>0</td>
							<td>0</td>
						</tr>
						<tr>
							<td>@TCS02</td>
							<td>1</td>
							<td>0</td>
							<td>0</td>
						</tr>
						<tr>
							<td>@TCS03</td>
							<td>1</td>
							<td>0</td>
							<td>0</td>
						</tr>
						<tr>
							<td>@myAccount</td>
							<td>2</td>
							<td>0</td>
							<td>0</td>
						</tr>
						<tr>
							<td>@TCS05</td>
							<td>1</td>
							<td>0</td>
							<td>0</td>
						</tr>
						<tr>
							<td>@productDetail</td>
							<td>0</td>
							<td>2</td>
							<td>0</td>
						</tr>
						<tr>
							<td>@TCS06</td>
							<td>0</td>
							<td>1</td>
							<td>0</td>
						</tr>
					</table>
				</div>
			</div>
		</div>
	</div>
</div>
<!-- dashboard view -->
<!-- testrunner-logs view -->
		</div>
		<!-- container -->

		<script>
			var statusGroup = {
				passParent: 2,
				failParent: 1,
				fatalParent: 0,
				errorParent: 0,
				warningParent: 0,
				skipParent: 0,
				exceptionsParent: 1,
				
				passChild: 6,
				failChild: 3,
				fatalChild: 0,
				errorChild: 0,
				warningChild: 0,
				skipChild: 0,
				infoChild: 0,
				exceptionsChild: 3,
				
				passGrandChild: 19,
				failGrandChild: 3,
				fatalGrandChild: 0,
				errorGrandChild: 0,
				warningGrandChild: 0,
				skipGrandChild: 14,
				infoGrandChild: 0,
				exceptionsGrandChild: 17,
			};
		</script>
		
			<script src='https://cdn.rawgit.com/anshooarora/extentreports-java/5ed7b0c339b51aa347b44ccaa2e2ff29905b2f9f/dist/js/extent.js' type='text/javascript'></script>
		
		
	</body>
	
</html>
